{"meta": {"format": 3, "version": "7.13.4", "timestamp": "2026-02-23T15:58:31.623334", "branch_coverage": false, "show_contexts": false}, "files": {"app/__init__.py": {"executed_lines": [], "summary": {"covered_lines": 0, "num_statements": 0, "percent_covered": 100.0, "percent_covered_display": "100", "missing_lines": 0, "excluded_lines": 0, "percent_statements_covered": 100.0, "percent_statements_covered_display": "100"}, "missing_lines": [], "excluded_lines": [], "functions": {"": {"executed_lines": [], "summary": {"covered_lines": 0, "num_statements": 0, "percent_covered": 100.0, "percent_covered_display": "100", "missing_lines": 0, "excluded_lines": 0, "percent_statements_covered": 100.0, "percent_statements_covered_display": "100"}, "missing_lines": [], "excluded_lines": [], "start_line": 1}}, "classes": {"": {"executed_lines": [], "summary": {"covered_lines": 0, "num_statements": 0, "percent_covered": 100.0, "percent_covered_display": "100", "missing_lines": 0, "excluded_lines": 0, "percent_statements_covered": 100.0, "percent_statements_covered_display": "100"}, "missing_lines": [], "excluded_lines": [], "start_line": 1}}}, "app/auth.py": {"executed_lines": [3, 4, 5, 6, 7, 9, 10, 13, 16, 21, 22, 25, 27, 31, 32, 33, 35], "summary": {"covered_lines": 17, "num_statements": 18, "percent_covered": 94.44444444444444, "percent_covered_display": "94", "missing_lines": 1, "excluded_lines": 0, "percent_statements_covered": 94.44444444444444, "percent_statements_covered_display": "94"}, "missing_lines": [28], "excluded_lines": [], "functions": {"require_auth": {"executed_lines": [21, 22, 25, 27, 31, 32, 33, 35], "summary": {"covered_lines": 8, "num_statements": 9, "percent_covered": 88.88888888888889, "percent_covered_display": "89", "missing_lines": 1, "excluded_lines": 0, "percent_statements_covered": 88.88888888888889, "percent_statements_covered_display": "89"}, "missing_lines": [28], "excluded_lines": [], "start_line": 16}, "": {"executed_lines": [3, 4, 5, 6, 7, 9, 10, 13, 16], "summary": {"covered_lines": 9, "num_statements": 9, "percent_covered": 100.0, "percent_covered_display": "100", "missing_lines": 0, "excluded_lines": 0, "percent_statements_covered": 100.0, "percent_statements_covered_display": "100"}, "missing_lines": [], "excluded_lines": [], "start_line": 1}}, "classes": {"": {"executed_lines": [3, 4, 5, 6, 7, 9, 10, 13, 16, 21, 22, 25, 27, 31, 32, 33, 35], "summary": {"covered_lines": 17, "num_statements": 18, "percent_covered": 94.44444444444444, "percent_covered_display": "94", "missing_lines": 1, "excluded_lines": 0, "percent_statements_covered": 94.44444444444444, "percent_statements_covered_display": "94"}, "missing_lines": [28], "excluded_lines": [], "start_line": 1}}}, "app/backup.py": {"executed_lines": [3, 4, 5, 6, 7, 8, 9, 10, 12, 14, 17, 20, 21, 22, 23, 24, 26, 53, 67, 85, 110, 130, 145, 160, 184, 205, 237, 263, 270], "summary": {"covered_lines": 29, "num_statements": 123, "percent_covered": 23.577235772357724, "percent_covered_display": "24", "missing_lines": 94, "excluded_lines": 0, "percent_statements_covered": 23.577235772357724, "percent_statements_covered_display": "24"}, "missing_lines": [28, 29, 30, 33, 36, 37, 40, 41, 42, 43, 44, 47, 48, 55, 56, 57, 58, 59, 60, 61, 62, 63, 64, 65, 69, 71, 72, 73, 77, 78, 80, 81, 82, 83, 93, 94, 97, 99, 102, 105, 106, 108, 117, 120, 122, 124, 125, 127, 128, 133, 139, 140, 141, 142, 143, 147, 148, 149, 150, 156, 157, 158, 162, 164, 172, 173, 180, 181, 182, 191, 192, 197, 198, 203, 212, 214, 217, 218, 220, 221, 222, 223, 224, 226, 248, 249, 251, 252, 253, 256, 259, 261, 265, 266], "excluded_lines": [], "functions": {"BackupManager.__init__": {"executed_lines": [21, 22, 23, 24], "summary": {"covered_lines": 4, "num_statements": 4, "percent_covered": 100.0, "percent_covered_display": "100", "missing_lines": 0, "excluded_lines": 0, "percent_statements_covered": 100.0, "percent_statements_covered_display": "100"}, "missing_lines": [], "excluded_lines": [], "start_line": 20}, "BackupManager.start": {"executed_lines": [], "summary": {"covered_lines": 0, "num_statements": 13, "percent_covered": 0.0, "percent_covered_display": "0", "missing_lines": 13, "excluded_lines": 0, "percent_statements_covered": 0.0, "percent_statements_covered_display": "0"}, "missing_lines": [28, 29, 30, 33, 36, 37, 40, 41, 42, 43, 44, 47, 48], "excluded_lines": [], "start_line": 26}, "BackupManager.stop": {"executed_lines": [], "summary": {"covered_lines": 0, "num_statements": 11, "percent_covered": 0.0, "percent_covered_display": "0", "missing_lines": 11, "excluded_lines": 0, "percent_statements_covered": 0.0, "percent_statements_covered_display": "0"}, "missing_lines": [55, 56, 57, 58, 59, 60, 61, 62, 63, 64, 65], "excluded_lines": [], "start_line": 53}, "BackupManager._backup_loop": {"executed_lines": [], "summary": {"covered_lines": 0, "num_statements": 10, "percent_covered": 0.0, "percent_covered_display": "0", "missing_lines": 10, "excluded_lines": 0, "percent_statements_covered": 0.0, "percent_statements_covered_display": "0"}, "missing_lines": [69, 71, 72, 73, 77, 78, 80, 81, 82, 83], "excluded_lines": [], "start_line": 67}, "BackupManager.create_backup": {"executed_lines": [], "summary": {"covered_lines": 0, "num_statements": 8, "percent_covered": 0.0, "percent_covered_display": "0", "missing_lines": 8, "excluded_lines": 0, "percent_statements_covered": 0.0, "percent_statements_covered_display": "0"}, "missing_lines": [93, 94, 97, 99, 102, 105, 106, 108], "excluded_lines": [], "start_line": 85}, "BackupManager._backup_db": {"executed_lines": [], "summary": {"covered_lines": 0, "num_statements": 7, "percent_covered": 0.0, "percent_covered_display": "0", "missing_lines": 7, "excluded_lines": 0, "percent_statements_covered": 0.0, "percent_statements_covered_display": "0"}, "missing_lines": [117, 120, 122, 124, 125, 127, 128], "excluded_lines": [], "start_line": 110}, "BackupManager._cleanup_old_backups": {"executed_lines": [], "summary": {"covered_lines": 0, "num_statements": 6, "percent_covered": 0.0, "percent_covered_display": "0", "missing_lines": 6, "excluded_lines": 0, "percent_statements_covered": 0.0, "percent_statements_covered_display": "0"}, "missing_lines": [133, 139, 140, 141, 142, 143], "excluded_lines": [], "start_line": 130}, "BackupManager._init_git_repo": {"executed_lines": [], "summary": {"covered_lines": 0, "num_statements": 7, "percent_covered": 0.0, "percent_covered_display": "0", "missing_lines": 7, "excluded_lines": 0, "percent_statements_covered": 0.0, "percent_statements_covered_display": "0"}, "missing_lines": [147, 148, 149, 150, 156, 157, 158], "excluded_lines": [], "start_line": 145}, "BackupManager._git_commit": {"executed_lines": [], "summary": {"covered_lines": 0, "num_statements": 7, "percent_covered": 0.0, "percent_covered_display": "0", "missing_lines": 7, "excluded_lines": 0, "percent_statements_covered": 0.0, "percent_statements_covered_display": "0"}, "missing_lines": [162, 164, 172, 173, 180, 181, 182], "excluded_lines": [], "start_line": 160}, "BackupManager.list_backups": {"executed_lines": [], "summary": {"covered_lines": 0, "num_statements": 5, "percent_covered": 0.0, "percent_covered_display": "0", "missing_lines": 5, "excluded_lines": 0, "percent_statements_covered": 0.0, "percent_statements_covered_display": "0"}, "missing_lines": [191, 192, 197, 198, 203], "excluded_lines": [], "start_line": 184}, "BackupManager.get_status": {"executed_lines": [], "summary": {"covered_lines": 0, "num_statements": 10, "percent_covered": 0.0, "percent_covered_display": "0", "missing_lines": 10, "excluded_lines": 0, "percent_statements_covered": 0.0, "percent_statements_covered_display": "0"}, "missing_lines": [212, 214, 217, 218, 220, 221, 222, 223, 224, 226], "excluded_lines": [], "start_line": 205}, "BackupManager.restore_backup": {"executed_lines": [], "summary": {"covered_lines": 0, "num_statements": 8, "percent_covered": 0.0, "percent_covered_display": "0", "missing_lines": 8, "excluded_lines": 0, "percent_statements_covered": 0.0, "percent_statements_covered_display": "0"}, "missing_lines": [248, 249, 251, 252, 253, 256, 259, 261], "excluded_lines": [], "start_line": 237}, "BackupManager._restore_db": {"executed_lines": [], "summary": {"covered_lines": 0, "num_statements": 2, "percent_covered": 0.0, "percent_covered_display": "0", "missing_lines": 2, "excluded_lines": 0, "percent_statements_covered": 0.0, "percent_statements_covered_display": "0"}, "missing_lines": [265, 266], "excluded_lines": [], "start_line": 263}, "": {"executed_lines": [3, 4, 5, 6, 7, 8, 9, 10, 12, 14, 17, 20, 26, 53, 67, 85, 110, 130, 145, 160, 184, 205, 237, 263, 270], "summary": {"covered_lines": 25, "num_statements": 25, "percent_covered": 100.0, "percent_covered_display": "100", "missing_lines": 0, "excluded_lines": 0, "percent_statements_covered": 100.0, "percent_statements_covered_display": "100"}, "missing_lines": [], "excluded_lines": [], "start_line": 1}}, "classes": {"BackupManager": {"executed_lines": [21, 22, 23, 24], "summary": {"covered_lines": 4, "num_statements": 98, "percent_covered": 4.081632653061225, "percent_covered_display": "4", "missing_lines": 94, "excluded_lines": 0, "percent_statements_covered": 4.081632653061225, "percent_statements_covered_display": "4"}, "missing_lines": [28, 29, 30, 33, 36, 37, 40, 41, 42, 43, 44, 47, 48, 55, 56, 57, 58, 59, 60, 61, 62, 63, 64, 65, 69, 71, 72, 73, 77, 78, 80, 81, 82, 83, 93, 94, 97, 99, 102, 105, 106, 108, 117, 120, 122, 124, 125, 127, 128, 133, 139, 140, 141, 142, 143, 147, 148, 149, 150, 156, 157, 158, 162, 164, 172, 173, 180, 181, 182, 191, 192, 197, 198, 203, 212, 214, 217, 218, 220, 221, 222, 223, 224, 226, 248, 249, 251, 252, 253, 256, 259, 261, 265, 266], "excluded_lines": [], "start_line": 17}, "": {"executed_lines": [3, 4, 5, 6, 7, 8, 9, 10, 12, 14, 17, 20, 26, 53, 67, 85, 110, 130, 145, 160, 184, 205, 237, 263, 270], "summary": {"covered_lines": 25, "num_statements": 25, "percent_covered": 100.0, "percent_covered_display": "100", "missing_lines": 0, "excluded_lines": 0, "percent_statements_covered": 100.0, "percent_statements_covered_display": "100"}, "missing_lines": [], "excluded_lines": [], "start_line": 1}}}, "app/cli/__init__.py": {"executed_lines": [], "summary": {"covered_lines": 0, "num_statements": 0, "percent_covered": 100.0, "percent_covered_display": "100", "missing_lines": 0, "excluded_lines": 0, "percent_statements_covered": 100.0, "percent_statements_covered_display": "100"}, "missing_lines": [], "excluded_lines": [], "functions": {"": {"executed_lines": [], "summary": {"covered_lines": 0, "num_statements": 0, "percent_covered": 100.0, "percent_covered_display": "100", "missing_lines": 0, "excluded_lines": 0, "percent_statements_covered": 100.0, "percent_statements_covered_display": "100"}, "missing_lines": [], "excluded_lines": [], "start_line": 1}}, "classes": {"": {"executed_lines": [], "summary": {"covered_lines": 0, "num_statements": 0, "percent_covered": 100.0, "percent_covered_display": "100", "missing_lines": 0, "excluded_lines": 0, "percent_statements_covered": 100.0, "percent_statements_covered_display": "100"}, "missing_lines": [], "excluded_lines": [], "start_line": 1}}}, "app/cli/validate_learning.py": {"executed_lines": [], "summary": {"covered_lines": 0, "num_statements": 85, "percent_covered": 0.0, "percent_covered_display": "0", "missing_lines": 85, "excluded_lines": 0, "percent_statements_covered": 0.0, "percent_statements_covered_display": "0"}, "missing_lines": [3, 4, 5, 6, 8, 10, 11, 12, 14, 15, 16, 19, 21, 22, 25, 26, 27, 29, 34, 36, 37, 39, 42, 43, 44, 49, 50, 52, 53, 55, 58, 59, 64, 65, 67, 68, 70, 73, 74, 79, 87, 88, 89, 90, 92, 93, 94, 95, 97, 100, 101, 102, 103, 105, 106, 107, 108, 110, 111, 112, 114, 115, 117, 119, 122, 123, 126, 128, 131, 133, 134, 135, 136, 138, 139, 140, 142, 143, 144, 145, 147, 149, 151, 154, 155], "excluded_lines": [], "functions": {"validate": {"executed_lines": [], "summary": {"covered_lines": 0, "num_statements": 71, "percent_covered": 0.0, "percent_covered_display": "0", "missing_lines": 71, "excluded_lines": 0, "percent_statements_covered": 0.0, "percent_statements_covered_display": "0"}, "missing_lines": [21, 22, 25, 26, 27, 29, 34, 36, 37, 39, 42, 43, 44, 49, 50, 52, 53, 55, 58, 59, 64, 65, 67, 68, 70, 73, 74, 79, 87, 88, 89, 90, 92, 93, 94, 95, 97, 100, 101, 102, 103, 105, 106, 107, 108, 110, 111, 112, 114, 115, 117, 119, 122, 123, 126, 128, 131, 133, 134, 135, 136, 138, 139, 140, 142, 143, 144, 145, 147, 149, 151], "excluded_lines": [], "start_line": 19}, "": {"executed_lines": [], "summary": {"covered_lines": 0, "num_statements": 14, "percent_covered": 0.0, "percent_covered_display": "0", "missing_lines": 14, "excluded_lines": 0, "percent_statements_covered": 0.0, "percent_statements_covered_display": "0"}, "missing_lines": [3, 4, 5, 6, 8, 10, 11, 12, 14, 15, 16, 19, 154, 155], "excluded_lines": [], "start_line": 1}}, "classes": {"": {"executed_lines": [], "summary": {"covered_lines": 0, "num_statements": 85, "percent_covered": 0.0, "percent_covered_display": "0", "missing_lines": 85, "excluded_lines": 0, "percent_statements_covered": 0.0, "percent_statements_covered_display": "0"}, "missing_lines": [3, 4, 5, 6, 8, 10, 11, 12, 14, 15, 16, 19, 21, 22, 25, 26, 27, 29, 34, 36, 37, 39, 42, 43, 44, 49, 50, 52, 53, 55, 58, 59, 64, 65, 67, 68, 70, 73, 74, 79, 87, 88, 89, 90, 92, 93, 94, 95, 97, 100, 101, 102, 103, 105, 106, 107, 108, 110, 111, 112, 114, 115, 117, 119, 122, 123, 126, 128, 131, 133, 134, 135, 136, 138, 139, 140, 142, 143, 144, 145, 147, 149, 151, 154, 155], "excluded_lines": [], "start_line": 1}}}, "app/config.py": {"executed_lines": [3, 4, 6, 10, 11, 14, 15, 18, 19, 22, 23, 24, 27, 28, 31, 32, 33, 34, 35, 38, 39, 40, 43, 44, 46, 51], "summary": {"covered_lines": 26, "num_statements": 28, "percent_covered": 92.85714285714286, "percent_covered_display": "93", "missing_lines": 2, "excluded_lines": 0, "percent_statements_covered": 92.85714285714286, "percent_statements_covered_display": "93"}, "missing_lines": [48, 49], "excluded_lines": [], "functions": {"Settings.ensure_data_dir": {"executed_lines": [], "summary": {"covered_lines": 0, "num_statements": 2, "percent_covered": 0.0, "percent_covered_display": "0", "missing_lines": 2, "excluded_lines": 0, "percent_statements_covered": 0.0, "percent_statements_covered_display": "0"}, "missing_lines": [48, 49], "excluded_lines": [], "start_line": 46}, "": {"executed_lines": [3, 4, 6, 10, 11, 14, 15, 18, 19, 22, 23, 24, 27, 28, 31, 32, 33, 34, 35, 38, 39, 40, 43, 44, 46, 51], "summary": {"covered_lines": 26, "num_statements": 26, "percent_covered": 100.0, "percent_covered_display": "100", "missing_lines": 0, "excluded_lines": 0, "percent_statements_covered": 100.0, "percent_statements_covered_display": "100"}, "missing_lines": [], "excluded_lines": [], "start_line": 1}}, "classes": {"Settings": {"executed_lines": [], "summary": {"covered_lines": 0, "num_statements": 2, "percent_covered": 0.0, "percent_covered_display": "0", "missing_lines": 2, "excluded_lines": 0, "percent_statements_covered": 0.0, "percent_statements_covered_display": "0"}, "missing_lines": [48, 49], "excluded_lines": [], "start_line": 6}, "": {"executed_lines": [3, 4, 6, 10, 11, 14, 15, 18, 19, 22, 23, 24, 27, 28, 31, 32, 33, 34, 35, 38, 39, 40, 43, 44, 46, 51], "summary": {"covered_lines": 26, "num_statements": 26, "percent_covered": 100.0, "percent_covered_display": "100", "missing_lines": 0, "excluded_lines": 0, "percent_statements_covered": 100.0, "percent_statements_covered_display": "100"}, "missing_lines": [], "excluded_lines": [], "start_line": 1}}}, "app/database.py": {"executed_lines": [3, 4, 5, 7, 11, 23, 24, 25, 26, 27, 28, 31, 38, 40, 45, 47, 48, 49, 51, 55], "summary": {"covered_lines": 20, "num_statements": 25, "percent_covered": 80.0, "percent_covered_display": "80", "missing_lines": 5, "excluded_lines": 0, "percent_statements_covered": 80.0, "percent_statements_covered_display": "80"}, "missing_lines": [42, 43, 50, 52, 53], "excluded_lines": [], "functions": {"_set_sqlite_pragma": {"executed_lines": [25, 26, 27, 28], "summary": {"covered_lines": 4, "num_statements": 4, "percent_covered": 100.0, "percent_covered_display": "100", "missing_lines": 0, "excluded_lines": 0, "percent_statements_covered": 100.0, "percent_statements_covered_display": "100"}, "missing_lines": [], "excluded_lines": [], "start_line": 24}, "init_db": {"executed_lines": [], "summary": {"covered_lines": 0, "num_statements": 2, "percent_covered": 0.0, "percent_covered_display": "0", "missing_lines": 2, "excluded_lines": 0, "percent_statements_covered": 0.0, "percent_statements_covered_display": "0"}, "missing_lines": [42, 43], "excluded_lines": [], "start_line": 40}, "get_db": {"executed_lines": [47, 48, 49, 51, 55], "summary": {"covered_lines": 5, "num_statements": 8, "percent_covered": 62.5, "percent_covered_display": "62", "missing_lines": 3, "excluded_lines": 0, "percent_statements_covered": 62.5, "percent_statements_covered_display": "62"}, "missing_lines": [50, 52, 53], "excluded_lines": [], "start_line": 45}, "": {"executed_lines": [3, 4, 5, 7, 11, 23, 24, 31, 38, 40, 45], "summary": {"covered_lines": 11, "num_statements": 11, "percent_covered": 100.0, "percent_covered_display": "100", "missing_lines": 0, "excluded_lines": 0, "percent_statements_covered": 100.0, "percent_statements_covered_display": "100"}, "missing_lines": [], "excluded_lines": [], "start_line": 1}}, "classes": {"": {"executed_lines": [3, 4, 5, 7, 11, 23, 24, 25, 26, 27, 28, 31, 38, 40, 45, 47, 48, 49, 51, 55], "summary": {"covered_lines": 20, "num_statements": 25, "percent_covered": 80.0, "percent_covered_display": "80", "missing_lines": 5, "excluded_lines": 0, "percent_statements_covered": 80.0, "percent_statements_covered_display": "80"}, "missing_lines": [42, 43, 50, 52, 53], "excluded_lines": [], "start_line": 1}}}, "app/logging_config.py": {"executed_lines": [3, 4, 5, 6, 7, 8, 9, 12, 15, 17, 25, 26, 29, 30, 31, 37, 39, 40, 42, 45, 49, 56, 58, 60, 61, 62, 63, 64, 66, 69, 70, 72, 75, 89, 90, 93, 94, 97, 100, 103, 106, 107, 108, 109, 112, 117, 118, 119, 122, 127, 128, 129, 132, 133, 134, 135, 136, 137, 138, 141, 142], "summary": {"covered_lines": 61, "num_statements": 62, "percent_covered": 98.38709677419355, "percent_covered_display": "98", "missing_lines": 1, "excluded_lines": 0, "percent_statements_covered": 98.38709677419355, "percent_statements_covered_display": "98"}, "missing_lines": [101], "excluded_lines": [], "functions": {"JSONFormatter.format": {"executed_lines": [17, 25, 26, 29, 30, 31, 37, 39, 40, 42], "summary": {"covered_lines": 10, "num_statements": 10, "percent_covered": 100.0, "percent_covered_display": "100", "missing_lines": 0, "excluded_lines": 0, "percent_statements_covered": 100.0, "percent_statements_covered_display": "100"}, "missing_lines": [], "excluded_lines": [], "start_line": 15}, "ConsoleFormatter.format": {"executed_lines": [60, 61, 62, 63, 64, 66, 69, 70, 72], "summary": {"covered_lines": 9, "num_statements": 9, "percent_covered": 100.0, "percent_covered_display": "100", "missing_lines": 0, "excluded_lines": 0, "percent_statements_covered": 100.0, "percent_statements_covered_display": "100"}, "missing_lines": [], "excluded_lines": [], "start_line": 58}, "setup_logging": {"executed_lines": [89, 90, 93, 94, 97, 100, 103, 106, 107, 108, 109, 112, 117, 118, 119, 122, 127, 128, 129, 132, 133, 134, 135, 136, 137, 138, 141, 142], "summary": {"covered_lines": 28, "num_statements": 29, "percent_covered": 96.55172413793103, "percent_covered_display": "97", "missing_lines": 1, "excluded_lines": 0, "percent_statements_covered": 96.55172413793103, "percent_statements_covered_display": "97"}, "missing_lines": [101], "excluded_lines": [], "start_line": 75}, "": {"executed_lines": [3, 4, 5, 6, 7, 8, 9, 12, 15, 45, 49, 56, 58, 75], "summary": {"covered_lines": 14, "num_statements": 14, "percent_covered": 100.0, "percent_covered_display": "100", "missing_lines": 0, "excluded_lines": 0, "percent_statements_covered": 100.0, "percent_statements_covered_display": "100"}, "missing_lines": [], "excluded_lines": [], "start_line": 1}}, "classes": {"JSONFormatter": {"executed_lines": [17, 25, 26, 29, 30, 31, 37, 39, 40, 42], "summary": {"covered_lines": 10, "num_statements": 10, "percent_covered": 100.0, "percent_covered_display": "100", "missing_lines": 0, "excluded_lines": 0, "percent_statements_covered": 100.0, "percent_statements_covered_display": "100"}, "missing_lines": [], "excluded_lines": [], "start_line": 12}, "ConsoleFormatter": {"executed_lines": [60, 61, 62, 63, 64, 66, 69, 70, 72], "summary": {"covered_lines": 9, "num_statements": 9, "percent_covered": 100.0, "percent_covered_display": "100", "missing_lines": 0, "excluded_lines": 0, "percent_statements_covered": 100.0, "percent_statements_covered_display": "100"}, "missing_lines": [], "excluded_lines": [], "start_line": 45}, "": {"executed_lines": [3, 4, 5, 6, 7, 8, 9, 12, 15, 45, 49, 56, 58, 75, 89, 90, 93, 94, 97, 100, 103, 106, 107, 108, 109, 112, 117, 118, 119, 122, 127, 128, 129, 132, 133, 134, 135, 136, 137, 138, 141, 142], "summary": {"covered_lines": 42, "num_statements": 43, "percent_covered": 97.67441860465117, "percent_covered_display": "98", "missing_lines": 1, "excluded_lines": 0, "percent_statements_covered": 97.67441860465117, "percent_statements_covered_display": "98"}, "missing_lines": [101], "excluded_lines": [], "start_line": 1}}}, "app/main.py": {"executed_lines": [3, 4, 5, 6, 9, 10, 12, 18, 19, 20, 21, 22, 23, 50, 52, 55, 58, 59, 133, 141, 142, 145, 155, 158, 159, 160, 161, 162, 163, 164, 165, 166, 167, 168, 169, 170, 171, 172, 173, 174, 175, 176, 177, 178, 179, 180, 181, 182, 185, 188, 189], "summary": {"covered_lines": 51, "num_statements": 99, "percent_covered": 51.515151515151516, "percent_covered_display": "52", "missing_lines": 48, "excluded_lines": 0, "percent_statements_covered": 51.515151515151516, "percent_statements_covered_display": "52"}, "missing_lines": [64, 65, 67, 68, 71, 72, 73, 74, 75, 76, 77, 78, 79, 82, 83, 84, 85, 88, 89, 90, 91, 92, 93, 94, 95, 96, 98, 101, 104, 105, 106, 108, 111, 112, 113, 114, 115, 119, 120, 121, 122, 125, 126, 127, 128, 129, 130, 191], "excluded_lines": [], "functions": {"lifespan": {"executed_lines": [], "summary": {"covered_lines": 0, "num_statements": 47, "percent_covered": 0.0, "percent_covered_display": "0", "missing_lines": 47, "excluded_lines": 0, "percent_statements_covered": 0.0, "percent_statements_covered_display": "0"}, "missing_lines": [64, 65, 67, 68, 71, 72, 73, 74, 75, 76, 77, 78, 79, 82, 83, 84, 85, 88, 89, 90, 91, 92, 93, 94, 95, 96, 98, 101, 104, 105, 106, 108, 111, 112, 113, 114, 115, 119, 120, 121, 122, 125, 126, 127, 128, 129, 130], "excluded_lines": [], "start_line": 59}, "root": {"executed_lines": [], "summary": {"covered_lines": 0, "num_statements": 1, "percent_covered": 0.0, "percent_covered_display": "0", "missing_lines": 1, "excluded_lines": 0, "percent_statements_covered": 0.0, "percent_statements_covered_display": "0"}, "missing_lines": [191], "excluded_lines": [], "start_line": 189}, "": {"executed_lines": [3, 4, 5, 6, 9, 10, 12, 18, 19, 20, 21, 22, 23, 50, 52, 55, 58, 59, 133, 141, 142, 145, 155, 158, 159, 160, 161, 162, 163, 164, 165, 166, 167, 168, 169, 170, 171, 172, 173, 174, 175, 176, 177, 178, 179, 180, 181, 182, 185, 188, 189], "summary": {"covered_lines": 51, "num_statements": 51, "percent_covered": 100.0, "percent_covered_display": "100", "missing_lines": 0, "excluded_lines": 0, "percent_statements_covered": 100.0, "percent_statements_covered_display": "100"}, "missing_lines": [], "excluded_lines": [], "start_line": 1}}, "classes": {"": {"executed_lines": [3, 4, 5, 6, 9, 10, 12, 18, 19, 20, 21, 22, 23, 50, 52, 55, 58, 59, 133, 141, 142, 145, 155, 158, 159, 160, 161, 162, 163, 164, 165, 166, 167, 168, 169, 170, 171, 172, 173, 174, 175, 176, 177, 178, 179, 180, 181, 182, 185, 188, 189], "summary": {"covered_lines": 51, "num_statements": 99, "percent_covered": 51.515151515151516, "percent_covered_display": "52", "missing_lines": 48, "excluded_lines": 0, "percent_statements_covered": 51.515151515151516, "percent_statements_covered_display": "52"}, "missing_lines": [64, 65, 67, 68, 71, 72, 73, 74, 75, 76, 77, 78, 79, 82, 83, 84, 85, 88, 89, 90, 91, 92, 93, 94, 95, 96, 98, 101, 104, 105, 106, 108, 111, 112, 113, 114, 115, 119, 120, 121, 122, 125, 126, 127, 128, 129, 130, 191], "excluded_lines": [], "start_line": 1}}}, "app/middleware.py": {"executed_lines": [3, 4, 5, 6, 7, 9, 10, 13, 15, 16, 22, 25, 26, 27, 30, 33, 37, 39, 41, 42, 44, 47, 50, 51, 52, 53, 54, 57, 59, 60, 61, 63, 68, 69, 70, 71, 75, 78, 86, 90], "summary": {"covered_lines": 40, "num_statements": 58, "percent_covered": 68.96551724137932, "percent_covered_display": "69", "missing_lines": 18, "excluded_lines": 0, "percent_statements_covered": 68.96551724137932, "percent_statements_covered_display": "69"}, "missing_lines": [17, 18, 19, 28, 29, 87, 88, 92, 94, 95, 96, 97, 98, 99, 104, 108, 111, 113], "excluded_lines": [], "functions": {"_is_allowed_ip": {"executed_lines": [15, 16], "summary": {"covered_lines": 2, "num_statements": 5, "percent_covered": 40.0, "percent_covered_display": "40", "missing_lines": 3, "excluded_lines": 0, "percent_statements_covered": 40.0, "percent_statements_covered_display": "40"}, "missing_lines": [17, 18, 19], "excluded_lines": [], "start_line": 13}, "NetworkGuardMiddleware.dispatch": {"executed_lines": [26, 27, 30], "summary": {"covered_lines": 3, "num_statements": 5, "percent_covered": 60.0, "percent_covered_display": "60", "missing_lines": 2, "excluded_lines": 0, "percent_statements_covered": 60.0, "percent_statements_covered_display": "60"}, "missing_lines": [28, 29], "excluded_lines": [], "start_line": 25}, "RequestLoggingMiddleware.dispatch": {"executed_lines": [41, 42, 44, 47, 50, 51, 52, 53, 54, 57, 59, 60, 61, 63, 68, 69, 70, 71, 75], "summary": {"covered_lines": 19, "num_statements": 19, "percent_covered": 100.0, "percent_covered_display": "100", "missing_lines": 0, "excluded_lines": 0, "percent_statements_covered": 100.0, "percent_statements_covered_display": "100"}, "missing_lines": [], "excluded_lines": [], "start_line": 39}, "PayloadSizeLimitMiddleware.__init__": {"executed_lines": [], "summary": {"covered_lines": 0, "num_statements": 2, "percent_covered": 0.0, "percent_covered_display": "0", "missing_lines": 2, "excluded_lines": 0, "percent_statements_covered": 0.0, "percent_statements_covered_display": "0"}, "missing_lines": [87, 88], "excluded_lines": [], "start_line": 86}, "PayloadSizeLimitMiddleware.dispatch": {"executed_lines": [], "summary": {"covered_lines": 0, "num_statements": 11, "percent_covered": 0.0, "percent_covered_display": "0", "missing_lines": 11, "excluded_lines": 0, "percent_statements_covered": 0.0, "percent_statements_covered_display": "0"}, "missing_lines": [92, 94, 95, 96, 97, 98, 99, 104, 108, 111, 113], "excluded_lines": [], "start_line": 90}, "": {"executed_lines": [3, 4, 5, 6, 7, 9, 10, 13, 22, 25, 33, 37, 39, 78, 86, 90], "summary": {"covered_lines": 16, "num_statements": 16, "percent_covered": 100.0, "percent_covered_display": "100", "missing_lines": 0, "excluded_lines": 0, "percent_statements_covered": 100.0, "percent_statements_covered_display": "100"}, "missing_lines": [], "excluded_lines": [], "start_line": 1}}, "classes": {"NetworkGuardMiddleware": {"executed_lines": [26, 27, 30], "summary": {"covered_lines": 3, "num_statements": 5, "percent_covered": 60.0, "percent_covered_display": "60", "missing_lines": 2, "excluded_lines": 0, "percent_statements_covered": 60.0, "percent_statements_covered_display": "60"}, "missing_lines": [28, 29], "excluded_lines": [], "start_line": 22}, "RequestLoggingMiddleware": {"executed_lines": [41, 42, 44, 47, 50, 51, 52, 53, 54, 57, 59, 60, 61, 63, 68, 69, 70, 71, 75], "summary": {"covered_lines": 19, "num_statements": 19, "percent_covered": 100.0, "percent_covered_display": "100", "missing_lines": 0, "excluded_lines": 0, "percent_statements_covered": 100.0, "percent_statements_covered_display": "100"}, "missing_lines": [], "excluded_lines": [], "start_line": 33}, "PayloadSizeLimitMiddleware": {"executed_lines": [], "summary": {"covered_lines": 0, "num_statements": 13, "percent_covered": 0.0, "percent_covered_display": "0", "missing_lines": 13, "excluded_lines": 0, "percent_statements_covered": 0.0, "percent_statements_covered_display": "0"}, "missing_lines": [87, 88, 92, 94, 95, 96, 97, 98, 99, 104, 108, 111, 113], "excluded_lines": [], "start_line": 78}, "": {"executed_lines": [3, 4, 5, 6, 7, 9, 10, 13, 15, 16, 22, 25, 33, 37, 39, 78, 86, 90], "summary": {"covered_lines": 18, "num_statements": 21, "percent_covered": 85.71428571428571, "percent_covered_display": "86", "missing_lines": 3, "excluded_lines": 0, "percent_statements_covered": 85.71428571428571, "percent_statements_covered_display": "86"}, "missing_lines": [17, 18, 19], "excluded_lines": [], "start_line": 1}}}, "app/models.py": {"executed_lines": [3, 4, 5, 7, 10, 12, 14, 15, 16, 17, 18, 19, 20, 21, 22, 23, 24, 25, 28, 30, 32, 33, 34, 35, 36, 37, 38, 39, 40, 41, 42, 43, 44, 45, 46, 47, 48, 49, 50, 51, 52, 53, 54, 55, 56, 59, 62, 63, 64, 65, 68, 70, 72, 73, 74, 75, 76, 77, 78, 79, 82, 84, 86, 87, 88, 89, 90, 91, 94, 96, 98, 99, 100, 101, 102, 105, 107, 109, 110, 111, 112, 113, 114, 115, 116, 119, 121, 123, 124, 125, 126, 127, 128, 129, 130, 131, 132, 133, 134, 135, 136, 139, 141, 143, 144, 145, 146, 147, 148, 149, 150, 151, 152, 153, 154, 155, 156, 157, 160, 162, 164, 165, 166, 167, 168, 169, 170, 171, 172, 173, 176, 178, 180, 181, 182, 185, 186, 187, 188, 190, 191, 194, 196, 198, 199, 200, 201, 202, 203, 206, 208, 210, 211, 212, 213, 214, 215, 216, 217, 218, 219, 220, 221, 224, 226, 228, 229, 230, 231, 232, 233, 234, 235, 236, 237, 238, 239, 240, 241, 242, 243, 244, 245, 246, 249, 251, 253, 254, 255, 258, 260, 262, 263, 264, 265, 266, 267, 268, 269, 270, 271, 274, 276, 277, 281, 282, 283, 284, 285, 286, 287, 288, 291, 293, 295, 296, 297, 298, 299, 300, 301, 302, 303, 304, 305, 306, 307, 308, 311, 313, 315, 316, 317, 318, 319, 320, 321, 322, 323, 324, 325, 326, 327, 328, 329, 332, 334, 336, 337, 338, 339, 340, 341, 342, 343, 344, 345, 346, 347, 348, 349, 350, 351, 352, 353, 354, 355, 356, 359, 361, 363, 364, 365, 366, 367, 368, 369, 370, 371, 372, 373, 374, 377, 379, 380, 384, 385, 386, 387, 388, 389, 390, 391, 392, 393, 394, 395, 396, 399, 401, 403, 404, 405, 406, 407, 408, 409, 410, 411, 414, 416, 418, 419, 420, 421, 422, 423, 426, 428, 430, 431, 432, 435, 438, 439, 440, 443, 444, 447, 448, 451, 452, 453, 456, 457, 458, 459, 462, 463, 466, 468, 470, 471, 472, 473, 474, 475, 476, 479, 481, 483, 484, 485, 488, 490, 492, 493, 494, 495, 496, 497, 500, 502, 504, 505, 506, 507, 508, 509, 512, 514, 516, 517, 518, 519, 520, 521, 524, 526, 527, 531, 532, 533, 534, 535, 536, 537, 538, 539, 542, 544, 546, 547, 548, 549, 550, 551, 554, 556, 558, 559, 560, 561, 562, 563, 564, 567, 569, 570, 572, 573, 574, 575, 576, 577, 578, 579, 580, 583, 585, 587, 588, 589, 590, 591, 592, 593, 596, 598, 600, 601, 602, 603, 604, 605, 606, 607, 608, 611, 624, 626, 627, 628, 631, 632, 635, 636, 637, 638, 641, 642, 643, 644, 645, 648, 650, 653, 655, 656, 657, 660, 663, 665, 666, 667, 668, 669, 670, 671, 672, 675, 677, 679, 680, 681, 682, 683, 684, 685, 686, 687, 688, 691, 693, 695, 696, 697, 698, 699, 700, 701, 702, 703, 704, 705, 706, 707, 708, 709, 710, 711, 714, 716, 718, 719, 720, 721, 722, 723, 724, 725, 726, 727, 728, 729, 732, 734, 736, 737, 738, 739, 740, 741, 742, 745, 747, 749, 750, 751, 752, 755, 757, 759, 760, 761, 762, 763, 764, 765, 766, 767, 768, 769, 772, 774, 776, 777, 778, 779, 780, 781, 782, 783, 784, 785, 786, 789, 791, 793, 794, 795, 796, 797, 798, 799, 802, 804, 806, 807, 808, 809, 810, 811, 812, 813, 814, 815, 816, 817, 818, 819, 822, 824, 826, 827, 828, 829, 830, 831, 832, 833, 834, 835, 836, 837, 838, 839], "summary": {"covered_lines": 597, "num_statements": 597, "percent_covered": 100.0, "percent_covered_display": "100", "missing_lines": 0, "excluded_lines": 0, "percent_statements_covered": 100.0, "percent_statements_covered_display": "100"}, "missing_lines": [], "excluded_lines": [], "functions": {"": {"executed_lines": [3, 4, 5, 7, 10, 12, 14, 15, 16, 17, 18, 19, 20, 21, 22, 23, 24, 25, 28, 30, 32, 33, 34, 35, 36, 37, 38, 39, 40, 41, 42, 43, 44, 45, 46, 47, 48, 49, 50, 51, 52, 53, 54, 55, 56, 59, 62, 63, 64, 65, 68, 70, 72, 73, 74, 75, 76, 77, 78, 79, 82, 84, 86, 87, 88, 89, 90, 91, 94, 96, 98, 99, 100, 101, 102, 105, 107, 109, 110, 111, 112, 113, 114, 115, 116, 119, 121, 123, 124, 125, 126, 127, 128, 129, 130, 131, 132, 133, 134, 135, 136, 139, 141, 143, 144, 145, 146, 147, 148, 149, 150, 151, 152, 153, 154, 155, 156, 157, 160, 162, 164, 165, 166, 167, 168, 169, 170, 171, 172, 173, 176, 178, 180, 181, 182, 185, 186, 187, 188, 190, 191, 194, 196, 198, 199, 200, 201, 202, 203, 206, 208, 210, 211, 212, 213, 214, 215, 216, 217, 218, 219, 220, 221, 224, 226, 228, 229, 230, 231, 232, 233, 234, 235, 236, 237, 238, 239, 240, 241, 242, 243, 244, 245, 246, 249, 251, 253, 254, 255, 258, 260, 262, 263, 264, 265, 266, 267, 268, 269, 270, 271, 274, 276, 277, 281, 282, 283, 284, 285, 286, 287, 288, 291, 293, 295, 296, 297, 298, 299, 300, 301, 302, 303, 304, 305, 306, 307, 308, 311, 313, 315, 316, 317, 318, 319, 320, 321, 322, 323, 324, 325, 326, 327, 328, 329, 332, 334, 336, 337, 338, 339, 340, 341, 342, 343, 344, 345, 346, 347, 348, 349, 350, 351, 352, 353, 354, 355, 356, 359, 361, 363, 364, 365, 366, 367, 368, 369, 370, 371, 372, 373, 374, 377, 379, 380, 384, 385, 386, 387, 388, 389, 390, 391, 392, 393, 394, 395, 396, 399, 401, 403, 404, 405, 406, 407, 408, 409, 410, 411, 414, 416, 418, 419, 420, 421, 422, 423, 426, 428, 430, 431, 432, 435, 438, 439, 440, 443, 444, 447, 448, 451, 452, 453, 456, 457, 458, 459, 462, 463, 466, 468, 470, 471, 472, 473, 474, 475, 476, 479, 481, 483, 484, 485, 488, 490, 492, 493, 494, 495, 496, 497, 500, 502, 504, 505, 506, 507, 508, 509, 512, 514, 516, 517, 518, 519, 520, 521, 524, 526, 527, 531, 532, 533, 534, 535, 536, 537, 538, 539, 542, 544, 546, 547, 548, 549, 550, 551, 554, 556, 558, 559, 560, 561, 562, 563, 564, 567, 569, 570, 572, 573, 574, 575, 576, 577, 578, 579, 580, 583, 585, 587, 588, 589, 590, 591, 592, 593, 596, 598, 600, 601, 602, 603, 604, 605, 606, 607, 608, 611, 624, 626, 627, 628, 631, 632, 635, 636, 637, 638, 641, 642, 643, 644, 645, 648, 650, 653, 655, 656, 657, 660, 663, 665, 666, 667, 668, 669, 670, 671, 672, 675, 677, 679, 680, 681, 682, 683, 684, 685, 686, 687, 688, 691, 693, 695, 696, 697, 698, 699, 700, 701, 702, 703, 704, 705, 706, 707, 708, 709, 710, 711, 714, 716, 718, 719, 720, 721, 722, 723, 724, 725, 726, 727, 728, 729, 732, 734, 736, 737, 738, 739, 740, 741, 742, 745, 747, 749, 750, 751, 752, 755, 757, 759, 760, 761, 762, 763, 764, 765, 766, 767, 768, 769, 772, 774, 776, 777, 778, 779, 780, 781, 782, 783, 784, 785, 786, 789, 791, 793, 794, 795, 796, 797, 798, 799, 802, 804, 806, 807, 808, 809, 810, 811, 812, 813, 814, 815, 816, 817, 818, 819, 822, 824, 826, 827, 828, 829, 830, 831, 832, 833, 834, 835, 836, 837, 838, 839], "summary": {"covered_lines": 597, "num_statements": 597, "percent_covered": 100.0, "percent_covered_display": "100", "missing_lines": 0, "excluded_lines": 0, "percent_statements_covered": 100.0, "percent_statements_covered_display": "100"}, "missing_lines": [], "excluded_lines": [], "start_line": 1}}, "classes": {"Project": {"executed_lines": [], "summary": {"covered_lines": 0, "num_statements": 0, "percent_covered": 100.0, "percent_covered_display": "100", "missing_lines": 0, "excluded_lines": 0, "percent_statements_covered": 100.0, "percent_statements_covered_display": "100"}, "missing_lines": [], "excluded_lines": [], "start_line": 10}, "Task": {"executed_lines": [], "summary": {"covered_lines": 0, "num_statements": 0, "percent_covered": 100.0, "percent_covered_display": "100", "missing_lines": 0, "excluded_lines": 0, "percent_statements_covered": 100.0, "percent_statements_covered_display": "100"}, "missing_lines": [], "excluded_lines": [], "start_line": 28}, "InboxItem": {"executed_lines": [], "summary": {"covered_lines": 0, "num_statements": 0, "percent_covered": 100.0, "percent_covered_display": "100", "missing_lines": 0, "excluded_lines": 0, "percent_statements_covered": 100.0, "percent_statements_covered_display": "100"}, "missing_lines": [], "excluded_lines": [], "start_line": 68}, "InboxThread": {"executed_lines": [], "summary": {"covered_lines": 0, "num_statements": 0, "percent_covered": 100.0, "percent_covered_display": "100", "missing_lines": 0, "excluded_lines": 0, "percent_statements_covered": 100.0, "percent_statements_covered_display": "100"}, "missing_lines": [], "excluded_lines": [], "start_line": 82}, "InboxMessage": {"executed_lines": [], "summary": {"covered_lines": 0, "num_statements": 0, "percent_covered": 100.0, "percent_covered_display": "100", "missing_lines": 0, "excluded_lines": 0, "percent_statements_covered": 100.0, "percent_statements_covered_display": "100"}, "missing_lines": [], "excluded_lines": [], "start_line": 94}, "Topic": {"executed_lines": [], "summary": {"covered_lines": 0, "num_statements": 0, "percent_covered": 100.0, "percent_covered_display": "100", "missing_lines": 0, "excluded_lines": 0, "percent_statements_covered": 100.0, "percent_statements_covered_display": "100"}, "missing_lines": [], "excluded_lines": [], "start_line": 105}, "AgentDocument": {"executed_lines": [], "summary": {"covered_lines": 0, "num_statements": 0, "percent_covered": 100.0, "percent_covered_display": "100", "missing_lines": 0, "excluded_lines": 0, "percent_statements_covered": 100.0, "percent_statements_covered_display": "100"}, "missing_lines": [], "excluded_lines": [], "start_line": 119}, "ResearchRequest": {"executed_lines": [], "summary": {"covered_lines": 0, "num_statements": 0, "percent_covered": 100.0, "percent_covered_display": "100", "missing_lines": 0, "excluded_lines": 0, "percent_statements_covered": 100.0, "percent_statements_covered_display": "100"}, "missing_lines": [], "excluded_lines": [], "start_line": 139}, "TrackerItem": {"executed_lines": [], "summary": {"covered_lines": 0, "num_statements": 0, "percent_covered": 100.0, "percent_covered_display": "100", "missing_lines": 0, "excluded_lines": 0, "percent_statements_covered": 100.0, "percent_statements_covered_display": "100"}, "missing_lines": [], "excluded_lines": [], "start_line": 160}, "TrackerEntry": {"executed_lines": [], "summary": {"covered_lines": 0, "num_statements": 0, "percent_covered": 100.0, "percent_covered_display": "100", "missing_lines": 0, "excluded_lines": 0, "percent_statements_covered": 100.0, "percent_statements_covered_display": "100"}, "missing_lines": [], "excluded_lines": [], "start_line": 176}, "TrackerNotification": {"executed_lines": [], "summary": {"covered_lines": 0, "num_statements": 0, "percent_covered": 100.0, "percent_covered_display": "100", "missing_lines": 0, "excluded_lines": 0, "percent_statements_covered": 100.0, "percent_statements_covered_display": "100"}, "missing_lines": [], "excluded_lines": [], "start_line": 194}, "WorkerStatus": {"executed_lines": [], "summary": {"covered_lines": 0, "num_statements": 0, "percent_covered": 100.0, "percent_covered_display": "100", "missing_lines": 0, "excluded_lines": 0, "percent_statements_covered": 100.0, "percent_statements_covered_display": "100"}, "missing_lines": [], "excluded_lines": [], "start_line": 206}, "WorkerRun": {"executed_lines": [], "summary": {"covered_lines": 0, "num_statements": 0, "percent_covered": 100.0, "percent_covered_display": "100", "missing_lines": 0, "excluded_lines": 0, "percent_statements_covered": 100.0, "percent_statements_covered_display": "100"}, "missing_lines": [], "excluded_lines": [], "start_line": 224}, "OrchestratorSetting": {"executed_lines": [], "summary": {"covered_lines": 0, "num_statements": 0, "percent_covered": 100.0, "percent_covered_display": "100", "missing_lines": 0, "excluded_lines": 0, "percent_statements_covered": 100.0, "percent_statements_covered_display": "100"}, "missing_lines": [], "excluded_lines": [], "start_line": 249}, "AgentStatus": {"executed_lines": [], "summary": {"covered_lines": 0, "num_statements": 0, "percent_covered": 100.0, "percent_covered_display": "100", "missing_lines": 0, "excluded_lines": 0, "percent_statements_covered": 100.0, "percent_statements_covered_display": "100"}, "missing_lines": [], "excluded_lines": [], "start_line": 258}, "AgentCapability": {"executed_lines": [], "summary": {"covered_lines": 0, "num_statements": 0, "percent_covered": 100.0, "percent_covered_display": "100", "missing_lines": 0, "excluded_lines": 0, "percent_statements_covered": 100.0, "percent_statements_covered_display": "100"}, "missing_lines": [], "excluded_lines": [], "start_line": 274}, "AgentReflection": {"executed_lines": [], "summary": {"covered_lines": 0, "num_statements": 0, "percent_covered": 100.0, "percent_covered_display": "100", "missing_lines": 0, "excluded_lines": 0, "percent_statements_covered": 100.0, "percent_statements_covered_display": "100"}, "missing_lines": [], "excluded_lines": [], "start_line": 291}, "DiagnosticTriggerEvent": {"executed_lines": [], "summary": {"covered_lines": 0, "num_statements": 0, "percent_covered": 100.0, "percent_covered_display": "100", "missing_lines": 0, "excluded_lines": 0, "percent_statements_covered": 100.0, "percent_statements_covered_display": "100"}, "missing_lines": [], "excluded_lines": [], "start_line": 311}, "AgentInitiative": {"executed_lines": [], "summary": {"covered_lines": 0, "num_statements": 0, "percent_covered": 100.0, "percent_covered_display": "100", "missing_lines": 0, "excluded_lines": 0, "percent_statements_covered": 100.0, "percent_statements_covered_display": "100"}, "missing_lines": [], "excluded_lines": [], "start_line": 332}, "InitiativeDecisionRecord": {"executed_lines": [], "summary": {"covered_lines": 0, "num_statements": 0, "percent_covered": 100.0, "percent_covered_display": "100", "missing_lines": 0, "excluded_lines": 0, "percent_statements_covered": 100.0, "percent_statements_covered_display": "100"}, "missing_lines": [], "excluded_lines": [], "start_line": 359}, "AgentIdentityVersion": {"executed_lines": [], "summary": {"covered_lines": 0, "num_statements": 0, "percent_covered": 100.0, "percent_covered_display": "100", "missing_lines": 0, "excluded_lines": 0, "percent_statements_covered": 100.0, "percent_statements_covered_display": "100"}, "missing_lines": [], "excluded_lines": [], "start_line": 377}, "SystemSweep": {"executed_lines": [], "summary": {"covered_lines": 0, "num_statements": 0, "percent_covered": 100.0, "percent_covered_display": "100", "missing_lines": 0, "excluded_lines": 0, "percent_statements_covered": 100.0, "percent_statements_covered_display": "100"}, "missing_lines": [], "excluded_lines": [], "start_line": 399}, "TaskTemplate": {"executed_lines": [], "summary": {"covered_lines": 0, "num_statements": 0, "percent_covered": 100.0, "percent_covered_display": "100", "missing_lines": 0, "excluded_lines": 0, "percent_statements_covered": 100.0, "percent_statements_covered_display": "100"}, "missing_lines": [], "excluded_lines": [], "start_line": 414}, "ScheduledEvent": {"executed_lines": [], "summary": {"covered_lines": 0, "num_statements": 0, "percent_covered": 100.0, "percent_covered_display": "100", "missing_lines": 0, "excluded_lines": 0, "percent_statements_covered": 100.0, "percent_statements_covered_display": "100"}, "missing_lines": [], "excluded_lines": [], "start_line": 426}, "TextDump": {"executed_lines": [], "summary": {"covered_lines": 0, "num_statements": 0, "percent_covered": 100.0, "percent_covered_display": "100", "missing_lines": 0, "excluded_lines": 0, "percent_statements_covered": 100.0, "percent_statements_covered_display": "100"}, "missing_lines": [], "excluded_lines": [], "start_line": 466}, "ResearchDoc": {"executed_lines": [], "summary": {"covered_lines": 0, "num_statements": 0, "percent_covered": 100.0, "percent_covered_display": "100", "missing_lines": 0, "excluded_lines": 0, "percent_statements_covered": 100.0, "percent_statements_covered_display": "100"}, "missing_lines": [], "excluded_lines": [], "start_line": 479}, "ResearchSource": {"executed_lines": [], "summary": {"covered_lines": 0, "num_statements": 0, "percent_covered": 100.0, "percent_covered_display": "100", "missing_lines": 0, "excluded_lines": 0, "percent_statements_covered": 100.0, "percent_statements_covered_display": "100"}, "missing_lines": [], "excluded_lines": [], "start_line": 488}, "ChatSession": {"executed_lines": [], "summary": {"covered_lines": 0, "num_statements": 0, "percent_covered": 100.0, "percent_covered_display": "100", "missing_lines": 0, "excluded_lines": 0, "percent_statements_covered": 100.0, "percent_statements_covered_display": "100"}, "missing_lines": [], "excluded_lines": [], "start_line": 500}, "ChatMessage": {"executed_lines": [], "summary": {"covered_lines": 0, "num_statements": 0, "percent_covered": 100.0, "percent_covered_display": "100", "missing_lines": 0, "excluded_lines": 0, "percent_statements_covered": 100.0, "percent_statements_covered_display": "100"}, "missing_lines": [], "excluded_lines": [], "start_line": 512}, "Memory": {"executed_lines": [], "summary": {"covered_lines": 0, "num_statements": 0, "percent_covered": 100.0, "percent_covered_display": "100", "missing_lines": 0, "excluded_lines": 0, "percent_statements_covered": 100.0, "percent_statements_covered_display": "100"}, "missing_lines": [], "excluded_lines": [], "start_line": 524}, "APIToken": {"executed_lines": [], "summary": {"covered_lines": 0, "num_statements": 0, "percent_covered": 100.0, "percent_covered_display": "100", "missing_lines": 0, "excluded_lines": 0, "percent_statements_covered": 100.0, "percent_statements_covered_display": "100"}, "missing_lines": [], "excluded_lines": [], "start_line": 542}, "Workspace": {"executed_lines": [], "summary": {"covered_lines": 0, "num_statements": 0, "percent_covered": 100.0, "percent_covered_display": "100", "missing_lines": 0, "excluded_lines": 0, "percent_statements_covered": 100.0, "percent_statements_covered_display": "100"}, "missing_lines": [], "excluded_lines": [], "start_line": 554}, "WorkspaceFile": {"executed_lines": [], "summary": {"covered_lines": 0, "num_statements": 0, "percent_covered": 100.0, "percent_covered_display": "100", "missing_lines": 0, "excluded_lines": 0, "percent_statements_covered": 100.0, "percent_statements_covered_display": "100"}, "missing_lines": [], "excluded_lines": [], "start_line": 567}, "FileLink": {"executed_lines": [], "summary": {"covered_lines": 0, "num_statements": 0, "percent_covered": 100.0, "percent_covered_display": "100", "missing_lines": 0, "excluded_lines": 0, "percent_statements_covered": 100.0, "percent_statements_covered_display": "100"}, "missing_lines": [], "excluded_lines": [], "start_line": 583}, "AgentProfile": {"executed_lines": [], "summary": {"covered_lines": 0, "num_statements": 0, "percent_covered": 100.0, "percent_covered_display": "100", "missing_lines": 0, "excluded_lines": 0, "percent_statements_covered": 100.0, "percent_statements_covered_display": "100"}, "missing_lines": [], "excluded_lines": [], "start_line": 596}, "RoutineRegistry": {"executed_lines": [], "summary": {"covered_lines": 0, "num_statements": 0, "percent_covered": 100.0, "percent_covered_display": "100", "missing_lines": 0, "excluded_lines": 0, "percent_statements_covered": 100.0, "percent_statements_covered_display": "100"}, "missing_lines": [], "excluded_lines": [], "start_line": 611}, "RoutineAuditEvent": {"executed_lines": [], "summary": {"covered_lines": 0, "num_statements": 0, "percent_covered": 100.0, "percent_covered_display": "100", "missing_lines": 0, "excluded_lines": 0, "percent_statements_covered": 100.0, "percent_statements_covered_display": "100"}, "missing_lines": [], "excluded_lines": [], "start_line": 660}, "KnowledgeRequest": {"executed_lines": [], "summary": {"covered_lines": 0, "num_statements": 0, "percent_covered": 100.0, "percent_covered_display": "100", "missing_lines": 0, "excluded_lines": 0, "percent_statements_covered": 100.0, "percent_statements_covered_display": "100"}, "missing_lines": [], "excluded_lines": [], "start_line": 675}, "ModelUsageEvent": {"executed_lines": [], "summary": {"covered_lines": 0, "num_statements": 0, "percent_covered": 100.0, "percent_covered_display": "100", "missing_lines": 0, "excluded_lines": 0, "percent_statements_covered": 100.0, "percent_statements_covered_display": "100"}, "missing_lines": [], "excluded_lines": [], "start_line": 691}, "ModelPricing": {"executed_lines": [], "summary": {"covered_lines": 0, "num_statements": 0, "percent_covered": 100.0, "percent_covered_display": "100", "missing_lines": 0, "excluded_lines": 0, "percent_statements_covered": 100.0, "percent_statements_covered_display": "100"}, "missing_lines": [], "excluded_lines": [], "start_line": 714}, "ControlLoopEvent": {"executed_lines": [], "summary": {"covered_lines": 0, "num_statements": 0, "percent_covered": 100.0, "percent_covered_display": "100", "missing_lines": 0, "excluded_lines": 0, "percent_statements_covered": 100.0, "percent_statements_covered_display": "100"}, "missing_lines": [], "excluded_lines": [], "start_line": 732}, "ControlLoopHeartbeat": {"executed_lines": [], "summary": {"covered_lines": 0, "num_statements": 0, "percent_covered": 100.0, "percent_covered_display": "100", "missing_lines": 0, "excluded_lines": 0, "percent_statements_covered": 100.0, "percent_statements_covered_display": "100"}, "missing_lines": [], "excluded_lines": [], "start_line": 745}, "WebhookRegistration": {"executed_lines": [], "summary": {"covered_lines": 0, "num_statements": 0, "percent_covered": 100.0, "percent_covered_display": "100", "missing_lines": 0, "excluded_lines": 0, "percent_statements_covered": 100.0, "percent_statements_covered_display": "100"}, "missing_lines": [], "excluded_lines": [], "start_line": 755}, "WebhookEvent": {"executed_lines": [], "summary": {"covered_lines": 0, "num_statements": 0, "percent_covered": 100.0, "percent_covered_display": "100", "missing_lines": 0, "excluded_lines": 0, "percent_statements_covered": 100.0, "percent_statements_covered_display": "100"}, "missing_lines": [], "excluded_lines": [], "start_line": 772}, "WebhookDelivery": {"executed_lines": [], "summary": {"covered_lines": 0, "num_statements": 0, "percent_covered": 100.0, "percent_covered_display": "100", "missing_lines": 0, "excluded_lines": 0, "percent_statements_covered": 100.0, "percent_statements_covered_display": "100"}, "missing_lines": [], "excluded_lines": [], "start_line": 789}, "TaskOutcome": {"executed_lines": [], "summary": {"covered_lines": 0, "num_statements": 0, "percent_covered": 100.0, "percent_covered_display": "100", "missing_lines": 0, "excluded_lines": 0, "percent_statements_covered": 100.0, "percent_statements_covered_display": "100"}, "missing_lines": [], "excluded_lines": [], "start_line": 802}, "OutcomeLearning": {"executed_lines": [], "summary": {"covered_lines": 0, "num_statements": 0, "percent_covered": 100.0, "percent_covered_display": "100", "missing_lines": 0, "excluded_lines": 0, "percent_statements_covered": 100.0, "percent_statements_covered_display": "100"}, "missing_lines": [], "excluded_lines": [], "start_line": 822}, "": {"executed_lines": [3, 4, 5, 7, 10, 12, 14, 15, 16, 17, 18, 19, 20, 21, 22, 23, 24, 25, 28, 30, 32, 33, 34, 35, 36, 37, 38, 39, 40, 41, 42, 43, 44, 45, 46, 47, 48, 49, 50, 51, 52, 53, 54, 55, 56, 59, 62, 63, 64, 65, 68, 70, 72, 73, 74, 75, 76, 77, 78, 79, 82, 84, 86, 87, 88, 89, 90, 91, 94, 96, 98, 99, 100, 101, 102, 105, 107, 109, 110, 111, 112, 113, 114, 115, 116, 119, 121, 123, 124, 125, 126, 127, 128, 129, 130, 131, 132, 133, 134, 135, 136, 139, 141, 143, 144, 145, 146, 147, 148, 149, 150, 151, 152, 153, 154, 155, 156, 157, 160, 162, 164, 165, 166, 167, 168, 169, 170, 171, 172, 173, 176, 178, 180, 181, 182, 185, 186, 187, 188, 190, 191, 194, 196, 198, 199, 200, 201, 202, 203, 206, 208, 210, 211, 212, 213, 214, 215, 216, 217, 218, 219, 220, 221, 224, 226, 228, 229, 230, 231, 232, 233, 234, 235, 236, 237, 238, 239, 240, 241, 242, 243, 244, 245, 246, 249, 251, 253, 254, 255, 258, 260, 262, 263, 264, 265, 266, 267, 268, 269, 270, 271, 274, 276, 277, 281, 282, 283, 284, 285, 286, 287, 288, 291, 293, 295, 296, 297, 298, 299, 300, 301, 302, 303, 304, 305, 306, 307, 308, 311, 313, 315, 316, 317, 318, 319, 320, 321, 322, 323, 324, 325, 326, 327, 328, 329, 332, 334, 336, 337, 338, 339, 340, 341, 342, 343, 344, 345, 346, 347, 348, 349, 350, 351, 352, 353, 354, 355, 356, 359, 361, 363, 364, 365, 366, 367, 368, 369, 370, 371, 372, 373, 374, 377, 379, 380, 384, 385, 386, 387, 388, 389, 390, 391, 392, 393, 394, 395, 396, 399, 401, 403, 404, 405, 406, 407, 408, 409, 410, 411, 414, 416, 418, 419, 420, 421, 422, 423, 426, 428, 430, 431, 432, 435, 438, 439, 440, 443, 444, 447, 448, 451, 452, 453, 456, 457, 458, 459, 462, 463, 466, 468, 470, 471, 472, 473, 474, 475, 476, 479, 481, 483, 484, 485, 488, 490, 492, 493, 494, 495, 496, 497, 500, 502, 504, 505, 506, 507, 508, 509, 512, 514, 516, 517, 518, 519, 520, 521, 524, 526, 527, 531, 532, 533, 534, 535, 536, 537, 538, 539, 542, 544, 546, 547, 548, 549, 550, 551, 554, 556, 558, 559, 560, 561, 562, 563, 564, 567, 569, 570, 572, 573, 574, 575, 576, 577, 578, 579, 580, 583, 585, 587, 588, 589, 590, 591, 592, 593, 596, 598, 600, 601, 602, 603, 604, 605, 606, 607, 608, 611, 624, 626, 627, 628, 631, 632, 635, 636, 637, 638, 641, 642, 643, 644, 645, 648, 650, 653, 655, 656, 657, 660, 663, 665, 666, 667, 668, 669, 670, 671, 672, 675, 677, 679, 680, 681, 682, 683, 684, 685, 686, 687, 688, 691, 693, 695, 696, 697, 698, 699, 700, 701, 702, 703, 704, 705, 706, 707, 708, 709, 710, 711, 714, 716, 718, 719, 720, 721, 722, 723, 724, 725, 726, 727, 728, 729, 732, 734, 736, 737, 738, 739, 740, 741, 742, 745, 747, 749, 750, 751, 752, 755, 757, 759, 760, 761, 762, 763, 764, 765, 766, 767, 768, 769, 772, 774, 776, 777, 778, 779, 780, 781, 782, 783, 784, 785, 786, 789, 791, 793, 794, 795, 796, 797, 798, 799, 802, 804, 806, 807, 808, 809, 810, 811, 812, 813, 814, 815, 816, 817, 818, 819, 822, 824, 826, 827, 828, 829, 830, 831, 832, 833, 834, 835, 836, 837, 838, 839], "summary": {"covered_lines": 597, "num_statements": 597, "percent_covered": 100.0, "percent_covered_display": "100", "missing_lines": 0, "excluded_lines": 0, "percent_statements_covered": 100.0, "percent_statements_covered_display": "100"}, "missing_lines": [], "excluded_lines": [], "start_line": 1}}}, "app/orchestrator/__init__.py": {"executed_lines": [3, 4, 5, 6, 7, 8, 9, 11], "summary": {"covered_lines": 8, "num_statements": 8, "percent_covered": 100.0, "percent_covered_display": "100", "missing_lines": 0, "excluded_lines": 0, "percent_statements_covered": 100.0, "percent_statements_covered_display": "100"}, "missing_lines": [], "excluded_lines": [], "functions": {"": {"executed_lines": [3, 4, 5, 6, 7, 8, 9, 11], "summary": {"covered_lines": 8, "num_statements": 8, "percent_covered": 100.0, "percent_covered_display": "100", "missing_lines": 0, "excluded_lines": 0, "percent_statements_covered": 100.0, "percent_statements_covered_display": "100"}, "missing_lines": [], "excluded_lines": [], "start_line": 1}}, "classes": {"": {"executed_lines": [3, 4, 5, 6, 7, 8, 9, 11], "summary": {"covered_lines": 8, "num_statements": 8, "percent_covered": 100.0, "percent_covered_display": "100", "missing_lines": 0, "excluded_lines": 0, "percent_statements_covered": 100.0, "percent_statements_covered_display": "100"}, "missing_lines": [], "excluded_lines": [], "start_line": 1}}}, "app/orchestrator/agent_tracker.py": {"executed_lines": [7, 8, 9, 10, 11, 13, 15, 18, 21, 22, 24, 32, 33, 35, 36, 37, 38, 39, 40, 42, 44, 52, 67, 107, 127, 146, 174, 176, 177, 178, 180, 200, 202, 205, 207, 208, 213, 214, 216], "summary": {"covered_lines": 39, "num_statements": 106, "percent_covered": 36.79245283018868, "percent_covered_display": "37", "missing_lines": 67, "excluded_lines": 0, "percent_statements_covered": 36.79245283018868, "percent_statements_covered_display": "37"}, "missing_lines": [48, 49, 50, 54, 55, 57, 58, 60, 61, 63, 64, 65, 74, 75, 77, 78, 79, 80, 83, 84, 87, 88, 89, 90, 91, 92, 94, 96, 98, 103, 104, 105, 109, 110, 112, 115, 116, 117, 119, 121, 123, 124, 125, 129, 130, 132, 133, 134, 135, 136, 138, 140, 142, 143, 144, 148, 149, 152, 154, 155, 157, 170, 171, 172, 196, 197, 198], "excluded_lines": [], "functions": {"AgentTracker.__init__": {"executed_lines": [22], "summary": {"covered_lines": 1, "num_statements": 1, "percent_covered": 100.0, "percent_covered_display": "100", "missing_lines": 0, "excluded_lines": 0, "percent_statements_covered": 100.0, "percent_statements_covered_display": "100"}, "missing_lines": [], "excluded_lines": [], "start_line": 21}, "AgentTracker.mark_working": {"executed_lines": [32, 33, 35, 36, 37, 38, 39, 40, 42, 44], "summary": {"covered_lines": 10, "num_statements": 13, "percent_covered": 76.92307692307692, "percent_covered_display": "77", "missing_lines": 3, "excluded_lines": 0, "percent_statements_covered": 76.92307692307692, "percent_statements_covered_display": "77"}, "missing_lines": [48, 49, 50], "excluded_lines": [], "start_line": 24}, "AgentTracker.update_thinking": {"executed_lines": [], "summary": {"covered_lines": 0, "num_statements": 9, "percent_covered": 0.0, "percent_covered_display": "0", "missing_lines": 9, "excluded_lines": 0, "percent_statements_covered": 0.0, "percent_statements_covered_display": "0"}, "missing_lines": [54, 55, 57, 58, 60, 61, 63, 64, 65], "excluded_lines": [], "start_line": 52}, "AgentTracker.mark_completed": {"executed_lines": [], "summary": {"covered_lines": 0, "num_statements": 20, "percent_covered": 0.0, "percent_covered_display": "0", "missing_lines": 20, "excluded_lines": 0, "percent_statements_covered": 0.0, "percent_statements_covered_display": "0"}, "missing_lines": [74, 75, 77, 78, 79, 80, 83, 84, 87, 88, 89, 90, 91, 92, 94, 96, 98, 103, 104, 105], "excluded_lines": [], "start_line": 67}, "AgentTracker.mark_failed": {"executed_lines": [], "summary": {"covered_lines": 0, "num_statements": 11, "percent_covered": 0.0, "percent_covered_display": "0", "missing_lines": 11, "excluded_lines": 0, "percent_statements_covered": 0.0, "percent_statements_covered_display": "0"}, "missing_lines": [109, 110, 112, 115, 116, 117, 119, 121, 123, 124, 125], "excluded_lines": [], "start_line": 107}, "AgentTracker.mark_idle": {"executed_lines": [], "summary": {"covered_lines": 0, "num_statements": 12, "percent_covered": 0.0, "percent_covered_display": "0", "missing_lines": 12, "excluded_lines": 0, "percent_statements_covered": 0.0, "percent_statements_covered_display": "0"}, "missing_lines": [129, 130, 132, 133, 134, 135, 136, 138, 140, 142, 143, 144], "excluded_lines": [], "start_line": 127}, "AgentTracker.get_status": {"executed_lines": [], "summary": {"covered_lines": 0, "num_statements": 9, "percent_covered": 0.0, "percent_covered_display": "0", "missing_lines": 9, "excluded_lines": 0, "percent_statements_covered": 0.0, "percent_statements_covered_display": "0"}, "missing_lines": [148, 149, 152, 154, 155, 157, 170, 171, 172], "excluded_lines": [], "start_line": 146}, "AgentTracker.get_all_statuses": {"executed_lines": [176, 177, 178, 180], "summary": {"covered_lines": 4, "num_statements": 7, "percent_covered": 57.142857142857146, "percent_covered_display": "57", "missing_lines": 3, "excluded_lines": 0, "percent_statements_covered": 57.142857142857146, "percent_statements_covered_display": "57"}, "missing_lines": [196, 197, 198], "excluded_lines": [], "start_line": 174}, "AgentTracker._get_or_create_status": {"executed_lines": [202, 205, 207, 208, 213, 214, 216], "summary": {"covered_lines": 7, "num_statements": 7, "percent_covered": 100.0, "percent_covered_display": "100", "missing_lines": 0, "excluded_lines": 0, "percent_statements_covered": 100.0, "percent_statements_covered_display": "100"}, "missing_lines": [], "excluded_lines": [], "start_line": 200}, "": {"executed_lines": [7, 8, 9, 10, 11, 13, 15, 18, 21, 24, 52, 67, 107, 127, 146, 174, 200], "summary": {"covered_lines": 17, "num_statements": 17, "percent_covered": 100.0, "percent_covered_display": "100", "missing_lines": 0, "excluded_lines": 0, "percent_statements_covered": 100.0, "percent_statements_covered_display": "100"}, "missing_lines": [], "excluded_lines": [], "start_line": 1}}, "classes": {"AgentTracker": {"executed_lines": [22, 32, 33, 35, 36, 37, 38, 39, 40, 42, 44, 176, 177, 178, 180, 202, 205, 207, 208, 213, 214, 216], "summary": {"covered_lines": 22, "num_statements": 89, "percent_covered": 24.719101123595507, "percent_covered_display": "25", "missing_lines": 67, "excluded_lines": 0, "percent_statements_covered": 24.719101123595507, "percent_statements_covered_display": "25"}, "missing_lines": [48, 49, 50, 54, 55, 57, 58, 60, 61, 63, 64, 65, 74, 75, 77, 78, 79, 80, 83, 84, 87, 88, 89, 90, 91, 92, 94, 96, 98, 103, 104, 105, 109, 110, 112, 115, 116, 117, 119, 121, 123, 124, 125, 129, 130, 132, 133, 134, 135, 136, 138, 140, 142, 143, 144, 148, 149, 152, 154, 155, 157, 170, 171, 172, 196, 197, 198], "excluded_lines": [], "start_line": 18}, "": {"executed_lines": [7, 8, 9, 10, 11, 13, 15, 18, 21, 24, 52, 67, 107, 127, 146, 174, 200], "summary": {"covered_lines": 17, "num_statements": 17, "percent_covered": 100.0, "percent_covered_display": "100", "missing_lines": 0, "excluded_lines": 0, "percent_statements_covered": 100.0, "percent_statements_covered_display": "100"}, "missing_lines": [], "excluded_lines": [], "start_line": 1}}}, "app/orchestrator/auto_assigner.py": {"executed_lines": [19, 21, 22, 23, 24, 25, 26, 27, 29, 30, 31, 33, 34, 35, 37, 40, 43, 44, 45, 46, 47, 48, 51, 52, 53, 55, 56, 58, 65, 66, 68, 89, 91, 152, 153, 181, 209], "summary": {"covered_lines": 37, "num_statements": 123, "percent_covered": 30.08130081300813, "percent_covered_display": "30", "missing_lines": 86, "excluded_lines": 0, "percent_statements_covered": 30.08130081300813, "percent_statements_covered_display": "30"}, "missing_lines": [69, 70, 71, 72, 73, 74, 75, 76, 77, 79, 80, 81, 82, 83, 84, 85, 86, 87, 94, 97, 98, 99, 104, 105, 107, 125, 126, 127, 128, 129, 130, 134, 135, 136, 146, 147, 148, 150, 154, 155, 156, 158, 187, 188, 190, 191, 192, 198, 199, 200, 201, 203, 204, 205, 206, 211, 212, 215, 216, 217, 219, 220, 221, 222, 223, 224, 225, 226, 228, 230, 231, 232, 234, 235, 236, 237, 238, 239, 240, 241, 242, 244, 246, 247, 248, 250], "excluded_lines": [], "functions": {"TaskAutoAssigner.__init__": {"executed_lines": [53], "summary": {"covered_lines": 1, "num_statements": 1, "percent_covered": 100.0, "percent_covered_display": "100", "missing_lines": 0, "excluded_lines": 0, "percent_statements_covered": 100.0, "percent_statements_covered_display": "100"}, "missing_lines": [], "excluded_lines": [], "start_line": 52}, "TaskAutoAssigner.run_once": {"executed_lines": [56, 58, 65, 66, 68, 89], "summary": {"covered_lines": 6, "num_statements": 24, "percent_covered": 25.0, "percent_covered_display": "25", "missing_lines": 18, "excluded_lines": 0, "percent_statements_covered": 25.0, "percent_statements_covered_display": "25"}, "missing_lines": [69, 70, 71, 72, 73, 74, 75, 76, 77, 79, 80, 81, 82, 83, 84, 85, 86, 87], "excluded_lines": [], "start_line": 55}, "TaskAutoAssigner._choose_agent_llm": {"executed_lines": [], "summary": {"covered_lines": 0, "num_statements": 20, "percent_covered": 0.0, "percent_covered_display": "0", "missing_lines": 20, "excluded_lines": 0, "percent_statements_covered": 0.0, "percent_statements_covered_display": "0"}, "missing_lines": [94, 97, 98, 99, 104, 105, 107, 125, 126, 127, 128, 129, 130, 134, 135, 136, 146, 147, 148, 150], "excluded_lines": [], "start_line": 91}, "TaskAutoAssigner._build_prompt": {"executed_lines": [], "summary": {"covered_lines": 0, "num_statements": 4, "percent_covered": 0.0, "percent_covered_display": "0", "missing_lines": 4, "excluded_lines": 0, "percent_statements_covered": 0.0, "percent_statements_covered_display": "0"}, "missing_lines": [154, 155, 156, 158], "excluded_lines": [], "start_line": 153}, "_gateway_invoke": {"executed_lines": [], "summary": {"covered_lines": 0, "num_statements": 13, "percent_covered": 0.0, "percent_covered_display": "0", "missing_lines": 13, "excluded_lines": 0, "percent_statements_covered": 0.0, "percent_statements_covered_display": "0"}, "missing_lines": [187, 188, 190, 191, 192, 198, 199, 200, 201, 203, 204, 205, 206], "excluded_lines": [], "start_line": 181}, "_extract_choice_from_history": {"executed_lines": [], "summary": {"covered_lines": 0, "num_statements": 31, "percent_covered": 0.0, "percent_covered_display": "0", "missing_lines": 31, "excluded_lines": 0, "percent_statements_covered": 0.0, "percent_statements_covered_display": "0"}, "missing_lines": [211, 212, 215, 216, 217, 219, 220, 221, 222, 223, 224, 225, 226, 228, 230, 231, 232, 234, 235, 236, 237, 238, 239, 240, 241, 242, 244, 246, 247, 248, 250], "excluded_lines": [], "start_line": 209}, "": {"executed_lines": [19, 21, 22, 23, 24, 25, 26, 27, 29, 30, 31, 33, 34, 35, 37, 40, 43, 44, 45, 46, 47, 48, 51, 52, 55, 91, 152, 153, 181, 209], "summary": {"covered_lines": 30, "num_statements": 30, "percent_covered": 100.0, "percent_covered_display": "100", "missing_lines": 0, "excluded_lines": 0, "percent_statements_covered": 100.0, "percent_statements_covered_display": "100"}, "missing_lines": [], "excluded_lines": [], "start_line": 1}}, "classes": {"AutoAssignResult": {"executed_lines": [], "summary": {"covered_lines": 0, "num_statements": 0, "percent_covered": 100.0, "percent_covered_display": "100", "missing_lines": 0, "excluded_lines": 0, "percent_statements_covered": 100.0, "percent_statements_covered_display": "100"}, "missing_lines": [], "excluded_lines": [], "start_line": 44}, "TaskAutoAssigner": {"executed_lines": [53, 56, 58, 65, 66, 68, 89], "summary": {"covered_lines": 7, "num_statements": 49, "percent_covered": 14.285714285714286, "percent_covered_display": "14", "missing_lines": 42, "excluded_lines": 0, "percent_statements_covered": 14.285714285714286, "percent_statements_covered_display": "14"}, "missing_lines": [69, 70, 71, 72, 73, 74, 75, 76, 77, 79, 80, 81, 82, 83, 84, 85, 86, 87, 94, 97, 98, 99, 104, 105, 107, 125, 126, 127, 128, 129, 130, 134, 135, 136, 146, 147, 148, 150, 154, 155, 156, 158], "excluded_lines": [], "start_line": 51}, "": {"executed_lines": [19, 21, 22, 23, 24, 25, 26, 27, 29, 30, 31, 33, 34, 35, 37, 40, 43, 44, 45, 46, 47, 48, 51, 52, 55, 91, 152, 153, 181, 209], "summary": {"covered_lines": 30, "num_statements": 74, "percent_covered": 40.54054054054054, "percent_covered_display": "41", "missing_lines": 44, "excluded_lines": 0, "percent_statements_covered": 40.54054054054054, "percent_statements_covered_display": "41"}, "missing_lines": [187, 188, 190, 191, 192, 198, 199, 200, 201, 203, 204, 205, 206, 211, 212, 215, 216, 217, 219, 220, 221, 222, 223, 224, 225, 226, 228, 230, 231, 232, 234, 235, 236, 237, 238, 239, 240, 241, 242, 244, 246, 247, 248, 250], "excluded_lines": [], "start_line": 1}}}, "app/orchestrator/capability_registry.py": {"executed_lines": [3, 5, 6, 8, 9, 10, 13, 14, 15, 16, 18, 19, 20, 21, 23, 24, 27, 28, 29, 35, 36, 37, 45, 50, 51], "summary": {"covered_lines": 25, "num_statements": 28, "percent_covered": 89.28571428571429, "percent_covered_display": "89", "missing_lines": 3, "excluded_lines": 0, "percent_statements_covered": 89.28571428571429, "percent_statements_covered_display": "89"}, "missing_lines": [25, 47, 48], "excluded_lines": [], "functions": {"CapabilityRegistrySync.__init__": {"executed_lines": [15, 16], "summary": {"covered_lines": 2, "num_statements": 2, "percent_covered": 100.0, "percent_covered_display": "100", "missing_lines": 0, "excluded_lines": 0, "percent_statements_covered": 100.0, "percent_statements_covered_display": "100"}, "missing_lines": [], "excluded_lines": [], "start_line": 14}, "CapabilityRegistrySync.sync": {"executed_lines": [19, 20, 21, 23, 24, 27, 28, 29, 35, 36, 37, 45, 50, 51], "summary": {"covered_lines": 14, "num_statements": 17, "percent_covered": 82.3529411764706, "percent_covered_display": "82", "missing_lines": 3, "excluded_lines": 0, "percent_statements_covered": 82.3529411764706, "percent_statements_covered_display": "82"}, "missing_lines": [25, 47, 48], "excluded_lines": [], "start_line": 18}, "": {"executed_lines": [3, 5, 6, 8, 9, 10, 13, 14, 18], "summary": {"covered_lines": 9, "num_statements": 9, "percent_covered": 100.0, "percent_covered_display": "100", "missing_lines": 0, "excluded_lines": 0, "percent_statements_covered": 100.0, "percent_statements_covered_display": "100"}, "missing_lines": [], "excluded_lines": [], "start_line": 1}}, "classes": {"CapabilityRegistrySync": {"executed_lines": [15, 16, 19, 20, 21, 23, 24, 27, 28, 29, 35, 36, 37, 45, 50, 51], "summary": {"covered_lines": 16, "num_statements": 19, "percent_covered": 84.21052631578948, "percent_covered_display": "84", "missing_lines": 3, "excluded_lines": 0, "percent_statements_covered": 84.21052631578948, "percent_statements_covered_display": "84"}, "missing_lines": [25, 47, 48], "excluded_lines": [], "start_line": 13}, "": {"executed_lines": [3, 5, 6, 8, 9, 10, 13, 14, 18], "summary": {"covered_lines": 9, "num_statements": 9, "percent_covered": 100.0, "percent_covered_display": "100", "missing_lines": 0, "excluded_lines": 0, "percent_statements_covered": 100.0, "percent_statements_covered_display": "100"}, "missing_lines": [], "excluded_lines": [], "start_line": 1}}}, "app/orchestrator/capability_router.py": {"executed_lines": [], "summary": {"covered_lines": 0, "num_statements": 37, "percent_covered": 0.0, "percent_covered_display": "0", "missing_lines": 37, "excluded_lines": 0, "percent_statements_covered": 0.0, "percent_statements_covered_display": "0"}, "missing_lines": [3, 5, 6, 8, 9, 11, 12, 15, 18, 19, 20, 22, 23, 24, 25, 27, 28, 30, 31, 32, 34, 36, 37, 38, 39, 40, 42, 43, 44, 45, 46, 49, 50, 51, 53, 54, 56], "excluded_lines": [], "functions": {"CapabilityRouter.__init__": {"executed_lines": [], "summary": {"covered_lines": 0, "num_statements": 2, "percent_covered": 0.0, "percent_covered_display": "0", "missing_lines": 2, "excluded_lines": 0, "percent_statements_covered": 0.0, "percent_statements_covered_display": "0"}, "missing_lines": [19, 20], "excluded_lines": [], "start_line": 18}, "CapabilityRouter.route": {"executed_lines": [], "summary": {"covered_lines": 0, "num_statements": 9, "percent_covered": 0.0, "percent_covered_display": "0", "missing_lines": 9, "excluded_lines": 0, "percent_statements_covered": 0.0, "percent_statements_covered_display": "0"}, "missing_lines": [23, 24, 25, 27, 28, 30, 31, 32, 34], "excluded_lines": [], "start_line": 22}, "CapabilityRouter._score_agents": {"executed_lines": [], "summary": {"covered_lines": 0, "num_statements": 15, "percent_covered": 0.0, "percent_covered_display": "0", "missing_lines": 15, "excluded_lines": 0, "percent_statements_covered": 0.0, "percent_statements_covered_display": "0"}, "missing_lines": [37, 38, 39, 40, 42, 43, 44, 45, 46, 49, 50, 51, 53, 54, 56], "excluded_lines": [], "start_line": 36}, "": {"executed_lines": [], "summary": {"covered_lines": 0, "num_statements": 11, "percent_covered": 0.0, "percent_covered_display": "0", "missing_lines": 11, "excluded_lines": 0, "percent_statements_covered": 0.0, "percent_statements_covered_display": "0"}, "missing_lines": [3, 5, 6, 8, 9, 11, 12, 15, 18, 22, 36], "excluded_lines": [], "start_line": 1}}, "classes": {"CapabilityRouter": {"executed_lines": [], "summary": {"covered_lines": 0, "num_statements": 26, "percent_covered": 0.0, "percent_covered_display": "0", "missing_lines": 26, "excluded_lines": 0, "percent_statements_covered": 0.0, "percent_statements_covered_display": "0"}, "missing_lines": [19, 20, 23, 24, 25, 27, 28, 30, 31, 32, 34, 37, 38, 39, 40, 42, 43, 44, 45, 46, 49, 50, 51, 53, 54, 56], "excluded_lines": [], "start_line": 15}, "": {"executed_lines": [], "summary": {"covered_lines": 0, "num_statements": 11, "percent_covered": 0.0, "percent_covered_display": "0", "missing_lines": 11, "excluded_lines": 0, "percent_statements_covered": 0.0, "percent_statements_covered_display": "0"}, "missing_lines": [3, 5, 6, 8, 9, 11, 12, 15, 18, 22, 36], "excluded_lines": [], "start_line": 1}}}, "app/orchestrator/circuit_breaker.py": {"executed_lines": [11, 12, 13, 14, 15, 16, 17, 19, 21, 24, 36, 48, 62, 63, 64, 67, 70, 73, 82, 93, 94, 95, 96, 97, 99, 120, 122, 128, 129, 130, 133, 134, 141, 142, 145, 146, 153, 154, 156, 163, 164, 166, 167, 169, 170, 172, 174, 182, 184, 195, 211, 212, 213, 214, 220, 221, 228, 229, 230, 231, 237, 238, 245, 259, 261, 263, 264, 265, 267, 273, 275, 276, 278, 283, 285, 286, 288, 293, 296, 297, 298, 304, 308, 309, 310, 316, 319, 321, 352, 353, 355, 356, 358, 359, 362, 363, 366], "summary": {"covered_lines": 97, "num_statements": 115, "percent_covered": 84.34782608695652, "percent_covered_display": "84", "missing_lines": 18, "excluded_lines": 0, "percent_statements_covered": 84.34782608695652, "percent_statements_covered_display": "84"}, "missing_lines": [124, 125, 185, 186, 215, 218, 232, 235, 246, 247, 248, 251, 253, 254, 305, 317, 360, 364], "excluded_lines": [], "functions": {"CircuitBreaker.__init__": {"executed_lines": [62, 63, 64, 67, 70, 73], "summary": {"covered_lines": 6, "num_statements": 6, "percent_covered": 100.0, "percent_covered_display": "100", "missing_lines": 0, "excluded_lines": 0, "percent_statements_covered": 100.0, "percent_statements_covered_display": "100"}, "missing_lines": [], "excluded_lines": [], "start_line": 48}, "CircuitBreaker.classify_failure": {"executed_lines": [93, 94, 95, 96, 97], "summary": {"covered_lines": 5, "num_statements": 5, "percent_covered": 100.0, "percent_covered_display": "100", "missing_lines": 0, "excluded_lines": 0, "percent_statements_covered": 100.0, "percent_statements_covered_display": "100"}, "missing_lines": [], "excluded_lines": [], "start_line": 82}, "CircuitBreaker.record_failure": {"executed_lines": [120, 122, 128, 129, 130, 133, 134, 141, 142, 145, 146, 153, 154, 156, 163, 164, 166, 167, 169, 170, 172], "summary": {"covered_lines": 21, "num_statements": 23, "percent_covered": 91.30434782608695, "percent_covered_display": "91", "missing_lines": 2, "excluded_lines": 0, "percent_statements_covered": 91.30434782608695, "percent_statements_covered_display": "91"}, "missing_lines": [124, 125], "excluded_lines": [], "start_line": 99}, "CircuitBreaker.record_success": {"executed_lines": [182, 184], "summary": {"covered_lines": 2, "num_statements": 4, "percent_covered": 50.0, "percent_covered_display": "50", "missing_lines": 2, "excluded_lines": 0, "percent_statements_covered": 50.0, "percent_statements_covered_display": "50"}, "missing_lines": [185, 186], "excluded_lines": [], "start_line": 174}, "CircuitBreaker.should_allow_spawn": {"executed_lines": [211, 212, 213, 214, 220, 221, 228, 229, 230, 231, 237, 238, 245, 259], "summary": {"covered_lines": 14, "num_statements": 24, "percent_covered": 58.333333333333336, "percent_covered_display": "58", "missing_lines": 10, "excluded_lines": 0, "percent_statements_covered": 58.333333333333336, "percent_statements_covered_display": "58"}, "missing_lines": [215, 218, 232, 235, 246, 247, 248, 251, 253, 254], "excluded_lines": [], "start_line": 195}, "CircuitBreaker._open_global_circuit": {"executed_lines": [263, 264, 265, 267], "summary": {"covered_lines": 4, "num_statements": 4, "percent_covered": 100.0, "percent_covered_display": "100", "missing_lines": 0, "excluded_lines": 0, "percent_statements_covered": 100.0, "percent_statements_covered_display": "100"}, "missing_lines": [], "excluded_lines": [], "start_line": 261}, "CircuitBreaker._open_project_circuit": {"executed_lines": [275, 276, 278], "summary": {"covered_lines": 3, "num_statements": 3, "percent_covered": 100.0, "percent_covered_display": "100", "missing_lines": 0, "excluded_lines": 0, "percent_statements_covered": 100.0, "percent_statements_covered_display": "100"}, "missing_lines": [], "excluded_lines": [], "start_line": 273}, "CircuitBreaker._open_agent_circuit": {"executed_lines": [285, 286, 288], "summary": {"covered_lines": 3, "num_statements": 3, "percent_covered": 100.0, "percent_covered_display": "100", "missing_lines": 0, "excluded_lines": 0, "percent_statements_covered": 100.0, "percent_statements_covered_display": "100"}, "missing_lines": [], "excluded_lines": [], "start_line": 283}, "CircuitBreaker._reset_circuit": {"executed_lines": [296, 297, 298, 304, 308, 309, 310, 316], "summary": {"covered_lines": 8, "num_statements": 10, "percent_covered": 80.0, "percent_covered_display": "80", "missing_lines": 2, "excluded_lines": 0, "percent_statements_covered": 80.0, "percent_statements_covered_display": "80"}, "missing_lines": [305, 317], "excluded_lines": [], "start_line": 293}, "CircuitBreaker.get_status": {"executed_lines": [321], "summary": {"covered_lines": 1, "num_statements": 1, "percent_covered": 100.0, "percent_covered_display": "100", "missing_lines": 0, "excluded_lines": 0, "percent_statements_covered": 100.0, "percent_statements_covered_display": "100"}, "missing_lines": [], "excluded_lines": [], "start_line": 319}, "CircuitBreaker.is_open": {"executed_lines": [355, 356, 358, 359, 362, 363, 366], "summary": {"covered_lines": 7, "num_statements": 9, "percent_covered": 77.77777777777777, "percent_covered_display": "78", "missing_lines": 2, "excluded_lines": 0, "percent_statements_covered": 77.77777777777777, "percent_statements_covered_display": "78"}, "missing_lines": [360, 364], "excluded_lines": [], "start_line": 353}, "": {"executed_lines": [11, 12, 13, 14, 15, 16, 17, 19, 21, 24, 36, 48, 82, 99, 174, 195, 261, 273, 283, 293, 319, 352, 353], "summary": {"covered_lines": 23, "num_statements": 23, "percent_covered": 100.0, "percent_covered_display": "100", "missing_lines": 0, "excluded_lines": 0, "percent_statements_covered": 100.0, "percent_statements_covered_display": "100"}, "missing_lines": [], "excluded_lines": [], "start_line": 1}}, "classes": {"CircuitBreaker": {"executed_lines": [62, 63, 64, 67, 70, 73, 93, 94, 95, 96, 97, 120, 122, 128, 129, 130, 133, 134, 141, 142, 145, 146, 153, 154, 156, 163, 164, 166, 167, 169, 170, 172, 182, 184, 211, 212, 213, 214, 220, 221, 228, 229, 230, 231, 237, 238, 245, 259, 263, 264, 265, 267, 275, 276, 278, 285, 286, 288, 296, 297, 298, 304, 308, 309, 310, 316, 321, 355, 356, 358, 359, 362, 363, 366], "summary": {"covered_lines": 74, "num_statements": 92, "percent_covered": 80.43478260869566, "percent_covered_display": "80", "missing_lines": 18, "excluded_lines": 0, "percent_statements_covered": 80.43478260869566, "percent_statements_covered_display": "80"}, "missing_lines": [124, 125, 185, 186, 215, 218, 232, 235, 246, 247, 248, 251, 253, 254, 305, 317, 360, 364], "excluded_lines": [], "start_line": 36}, "": {"executed_lines": [11, 12, 13, 14, 15, 16, 17, 19, 21, 24, 36, 48, 82, 99, 174, 195, 261, 273, 283, 293, 319, 352, 353], "summary": {"covered_lines": 23, "num_statements": 23, "percent_covered": 100.0, "percent_covered_display": "100", "missing_lines": 0, "excluded_lines": 0, "percent_statements_covered": 100.0, "percent_statements_covered_display": "100"}, "missing_lines": [], "excluded_lines": [], "start_line": 1}}}, "app/orchestrator/config.py": {"executed_lines": [3, 4, 5, 8, 11, 14, 15, 16, 19, 22, 23, 28, 31, 32, 36], "summary": {"covered_lines": 15, "num_statements": 15, "percent_covered": 100.0, "percent_covered_display": "100", "missing_lines": 0, "excluded_lines": 0, "percent_statements_covered": 100.0, "percent_statements_covered_display": "100"}, "missing_lines": [], "excluded_lines": [], "functions
[...]
 100.0, "percent_covered_display": "100", "missing_lines": 0, "excluded_lines": 0, "percent_statements_covered": 100.0, "percent_statements_covered_display": "100"}, "missing_lines": [], "excluded_lines": [], "start_line": 1}}, "classes": {"GitHubSyncService": {"executed_lines": [22, 25, 28, 29, 36, 37, 40, 41, 43, 44, 46, 52, 57, 58, 61, 62, 63, 64, 65, 66, 68, 69, 85, 86, 89, 90, 92, 98, 99, 105, 106, 119, 122, 139, 140, 146, 147, 150, 151, 156, 157, 160, 161, 162, 225, 227, 229, 230, 235, 237, 238, 239, 253, 254, 255, 257, 258, 260, 264, 265, 270, 276, 277, 278, 280, 281, 282, 283, 284, 286, 287, 288, 289, 291, 292, 293, 296, 298], "summary": {"covered_lines": 78, "num_statements": 139, "percent_covered": 56.115107913669064, "percent_covered_display": "56", "missing_lines": 61, "excluded_lines": 0, "percent_statements_covered": 56.115107913669064, "percent_statements_covered_display": "56"}, "missing_lines": [26, 38, 59, 108, 109, 110, 111, 112, 113, 114, 115, 116, 117, 120, 134, 135, 148, 158, 165, 166, 173, 174, 175, 177, 178, 183, 185, 186, 187, 189, 190, 191, 192, 194, 198, 199, 201, 202, 203, 205, 206, 208, 209, 211, 217, 218, 219, 221, 226, 228, 231, 236, 242, 247, 248, 249, 250, 256, 259, 290, 294], "excluded_lines": [], "start_line": 18}, "": {"executed_lines": [3, 5, 6, 7, 8, 10, 11, 12, 14, 15, 18, 21, 24, 137, 164, 196, 223, 224, 233, 234, 241, 252, 262, 263], "summary": {"covered_lines": 24, "num_statements": 24, "percent_covered": 100.0, "percent_covered_display": "100", "missing_lines": 0, "excluded_lines": 0, "percent_statements_covered": 100.0, "percent_statements_covered_display": "100"}, "missing_lines": [], "excluded_lines": [], "start_line": 1}}}, "app/services/memory_sync.py": {"executed_lines": [3, 4, 5, 6, 7, 8, 9, 11, 12, 16, 26, 28, 29, 32, 33, 34, 37, 38, 39, 40, 42, 45, 47, 48, 51, 52, 53, 54, 55, 57, 58, 59, 60, 61, 62, 64, 65, 66, 73, 74, 75, 76, 82, 92, 103, 111, 112, 118, 121, 122, 127, 130, 131, 132, 135, 136, 137, 140, 141, 143, 146, 149, 155, 157, 159, 167, 178, 179, 184, 187, 194, 196, 206, 207], "summary": {"covered_lines": 74, "num_statements": 99, "percent_covered": 74.74747474747475, "percent_covered_display": "75", "missing_lines": 25, "excluded_lines": 0, "percent_statements_covered": 74.74747474747475, "percent_statements_covered_display": "75"}, "missing_lines": [68, 69, 70, 77, 78, 80, 113, 114, 115, 116, 123, 124, 161, 162, 163, 164, 165, 170, 171, 172, 174, 175, 180, 181, 182], "excluded_lines": [], "functions": {"discover_agent_workspaces": {"executed_lines": [28, 29, 32, 33, 34, 37, 38, 39, 40, 42], "summary": {"covered_lines": 10, "num_statements": 10, "percent_covered": 100.0, "percent_covered_display": "100", "missing_lines": 0, "excluded_lines": 0, "percent_statements_covered": 100.0, "percent_statements_covered_display": "100"}, "missing_lines": [], "excluded_lines": [], "start_line": 26}, "parse_memory_file": {"executed_lines": [47, 48, 51, 52, 53, 54, 55, 57, 58, 59, 60, 61, 62, 64, 65, 66, 73, 74, 75, 76, 82], "summary": {"covered_lines": 21, "num_statements": 27, "percent_covered": 77.77777777777777, "percent_covered_display": "78", "missing_lines": 6, "excluded_lines": 0, "percent_statements_covered": 77.77777777777777, "percent_statements_covered_display": "78"}, "missing_lines": [68, 69, 70, 77, 78, 80], "excluded_lines": [], "start_line": 45}, "sync_agent_memories": {"executed_lines": [103, 111, 112, 118, 121, 122, 127, 130, 131, 132, 135, 136, 137, 140, 141, 143, 146, 149, 155, 157, 159, 167, 178, 179, 184], "summary": {"covered_lines": 25, "num_statements": 44, "percent_covered": 56.81818181818182, "percent_covered_display": "57", "missing_lines": 19, "excluded_lines": 0, "percent_statements_covered": 56.81818181818182, "percent_statements_covered_display": "57"}, "missing_lines": [113, 114, 115, 116, 123, 124, 161, 162, 163, 164, 165, 170, 171, 172, 174, 175, 180, 181, 182], "excluded_lines": [], "start_line": 92}, "get_agent_memory_counts": {"executed_lines": [194, 196, 206, 207], "summary": {"covered_lines": 4, "num_statements": 4, "percent_covered": 100.0, "percent_covered_display": "100", "missing_lines": 0, "excluded_lines": 0, "percent_statements_covered": 100.0, "percent_statements_covered_display": "100"}, "missing_lines": [], "excluded_lines": [], "start_line": 187}, "": {"executed_lines": [3, 4, 5, 6, 7, 8, 9, 11, 12, 16, 26, 45, 92, 187], "summary": {"covered_lines": 14, "num_statements": 14, "percent_covered": 100.0, "percent_covered_display": "100", "missing_lines": 0, "excluded_lines": 0, "percent_statements_covered": 100.0, "percent_statements_covered_display": "100"}, "missing_lines": [], "excluded_lines": [], "start_line": 1}}, "classes": {"": {"executed_lines": [3, 4, 5, 6, 7, 8, 9, 11, 12, 16, 26, 28, 29, 32, 33, 34, 37, 38, 39, 40, 42, 45, 47, 48, 51, 52, 53, 54, 55, 57, 58, 59, 60, 61, 62, 64, 65, 66, 73, 74, 75, 76, 82, 92, 103, 111, 112, 118, 121, 122, 127, 130, 131, 132, 135, 136, 137, 140, 141, 143, 146, 149, 155, 157, 159, 167, 178, 179, 184, 187, 194, 196, 206, 207], "summary": {"covered_lines": 74, "num_statements": 99, "percent_covered": 74.74747474747475, "percent_covered_display": "75", "missing_lines": 25, "excluded_lines": 0, "percent_statements_covered": 74.74747474747475, "percent_statements_covered_display": "75"}, "missing_lines": [68, 69, 70, 77, 78, 80, 113, 114, 115, 116, 123, 124, 161, 162, 163, 164, 165, 170, 171, 172, 174, 175, 180, 181, 182], "excluded_lines": [], "start_line": 1}}}, "app/services/openclaw_bridge.py": {"executed_lines": [3, 4, 5, 6, 8, 9, 12, 25, 45, 47, 59, 62, 70, 71, 74, 85, 87, 97, 99, 100, 106], "summary": {"covered_lines": 21, "num_statements": 21, "percent_covered": 100.0, "percent_covered_display": "100", "missing_lines": 0, "excluded_lines": 0, "percent_statements_covered": 100.0, "percent_statements_covered_display": "100"}, "missing_lines": [], "excluded_lines": [], "functions": {"OpenClawBridge.send_message_to_openclaw": {"executed_lines": [45], "summary": {"covered_lines": 1, "num_statements": 1, "percent_covered": 100.0, "percent_covered_display": "100", "missing_lines": 0, "excluded_lines": 0, "percent_statements_covered": 100.0, "percent_statements_covered_display": "100"}, "missing_lines": [], "excluded_lines": [], "start_line": 25}, "OpenClawBridge.receive_agent_response": {"executed_lines": [59, 62, 70, 71, 74, 85], "summary": {"covered_lines": 6, "num_statements": 6, "percent_covered": 100.0, "percent_covered_display": "100", "missing_lines": 0, "excluded_lines": 0, "percent_statements_covered": 100.0, "percent_statements_covered_display": "100"}, "missing_lines": [], "excluded_lines": [], "start_line": 47}, "OpenClawBridge.set_typing_indicator": {"executed_lines": [97, 99, 100], "summary": {"covered_lines": 3, "num_statements": 3, "percent_covered": 100.0, "percent_covered_display": "100", "missing_lines": 0, "excluded_lines": 0, "percent_statements_covered": 100.0, "percent_statements_covered_display": "100"}, "missing_lines": [], "excluded_lines": [], "start_line": 87}, "": {"executed_lines": [3, 4, 5, 6, 8, 9, 12, 25, 47, 87, 106], "summary": {"covered_lines": 11, "num_statements": 11, "percent_covered": 100.0, "percent_covered_display": "100", "missing_lines": 0, "excluded_lines": 0, "percent_statements_covered": 100.0, "percent_statements_covered_display": "100"}, "missing_lines": [], "excluded_lines": [], "start_line": 1}}, "classes": {"OpenClawBridge": {"executed_lines": [45, 59, 62, 70, 71, 74, 85, 97, 99, 100], "summary": {"covered_lines": 10, "num_statements": 10, "percent_covered": 100.0, "percent_covered_display": "100", "missing_lines": 0, "excluded_lines": 0, "percent_statements_covered": 100.0, "percent_statements_covered_display": "100"}, "missing_lines": [], "excluded_lines": [], "start_line": 12}, "": {"executed_lines": [3, 4, 5, 6, 8, 9, 12, 25, 47, 87, 106], "summary": {"covered_lines": 11, "num_statements": 11, "percent_covered": 100.0, "percent_covered_display": "100", "missing_lines": 0, "excluded_lines": 0, "percent_statements_covered": 100.0, "percent_statements_covered_display": "100"}, "missing_lines": [], "excluded_lines": [], "start_line": 1}}}, "app/services/openclaw_models.py": {"executed_lines": [3, 5, 6, 7, 9, 11, 14, 15, 16, 17, 18, 19, 20, 23, 40, 47, 48, 49, 50, 51, 63, 70, 71, 72, 81, 83, 84, 86, 87, 89, 100], "summary": {"covered_lines": 31, "num_statements": 57, "percent_covered": 54.3859649122807, "percent_covered_display": "54", "missing_lines": 26, "excluded_lines": 0, "percent_statements_covered": 54.3859649122807, "percent_statements_covered_display": "54"}, "missing_lines": [24, 25, 26, 27, 28, 29, 30, 31, 32, 33, 34, 35, 36, 37, 41, 42, 43, 44, 52, 53, 54, 55, 64, 65, 66, 67], "excluded_lines": [], "functions": {"_infer_provider": {"executed_lines": [], "summary": {"covered_lines": 0, "num_statements": 14, "percent_covered": 0.0, "percent_covered_display": "0", "missing_lines": 14, "excluded_lines": 0, "percent_statements_covered": 0.0, "percent_statements_covered_display": "0"}, "missing_lines": [24, 25, 26, 27, 28, 29, 30, 31, 32, 33, 34, 35, 36, 37], "excluded_lines": [], "start_line": 23}, "_infer_auth_billing": {"executed_lines": [], "summary": {"covered_lines": 0, "num_statements": 4, "percent_covered": 0.0, "percent_covered_display": "0", "missing_lines": 4, "excluded_lines": 0, "percent_statements_covered": 0.0, "percent_statements_covered_display": "0"}, "missing_lines": [41, 42, 43, 44], "excluded_lines": [], "start_line": 40}, "_extract_models": {"executed_lines": [48, 49, 50, 51, 63], "summary": {"covered_lines": 5, "num_statements": 13, "percent_covered": 38.46153846153846, "percent_covered_display": "38", "missing_lines": 8, "excluded_lines": 0, "percent_statements_covered": 38.46153846153846, "percent_statements_covered_display": "38"}, "missing_lines": [52, 53, 54, 55, 64, 65, 66, 67], "excluded_lines": [], "start_line": 47}, "fetch_openclaw_model_catalog": {"executed_lines": [71, 72, 81, 83, 84, 86, 87, 89, 100], "summary": {"covered_lines": 9, "num_statements": 9, "percent_covered": 100.0, "percent_covered_display": "100", "missing_lines": 0, "excluded_lines": 0, "percent_statements_covered": 100.0, "percent_statements_covered_display": "100"}, "missing_lines": [], "excluded_lines": [], "start_line": 70}, "": {"executed_lines": [3, 5, 6, 7, 9, 11, 14, 15, 16, 17, 18, 19, 20, 23, 40, 47, 70], "summary": {"covered_lines": 17, "num_statements": 17, "percent_covered": 100.0, "percent_covered_display": "100", "missing_lines": 0, "excluded_lines": 0, "percent_statements_covered": 100.0, "percent_statements_covered_display": "100"}, "missing_lines": [], "excluded_lines": [], "start_line": 1}}, "classes": {"OpenClawModelInfo": {"executed_lines": [], "summary": {"covered_lines": 0, "num_statements": 0, "percent_covered": 100.0, "percent_covered_display": "100", "missing_lines": 0, "excluded_lines": 0, "percent_statements_covered": 100.0, "percent_statements_covered_display": "100"}, "missing_lines": [], "excluded_lines": [], "start_line": 15}, "": {"executed_lines": [3, 5, 6, 7, 9, 11, 14, 15, 16, 17, 18, 19, 20, 23, 40, 47, 48, 49, 50, 51, 63, 70, 71, 72, 81, 83, 84, 86, 87, 89, 100], "summary": {"covered_lines": 31, "num_statements": 57, "percent_covered": 54.3859649122807, "percent_covered_display": "54", "missing_lines": 26, "excluded_lines": 0, "percent_statements_covered": 54.3859649122807, "percent_statements_covered_display": "54"}, "missing_lines": [24, 25, 26, 27, 28, 29, 30, 31, 32, 33, 34, 35, 36, 37, 41, 42, 43, 44, 52, 53, 54, 55, 64, 65, 66, 67], "excluded_lines": [], "start_line": 1}}}, "app/services/usage.py": {"executed_lines": [3, 5, 6, 7, 9, 10, 12, 15, 16, 17, 18, 19, 20, 21, 22, 23, 25, 27, 30, 36, 37, 38, 39, 41, 42, 43, 45, 48, 56, 68, 71, 82, 83, 85, 92, 93, 95, 100, 103, 122, 123, 125, 126, 127, 138, 156, 157, 158], "summary": {"covered_lines": 48, "num_statements": 50, "percent_covered": 96.0, "percent_covered_display": "96", "missing_lines": 2, "excluded_lines": 0, "percent_statements_covered": 96.0, "percent_statements_covered_display": "96"}, "missing_lines": [24, 26], "excluded_lines": [], "functions": {"infer_provider": {"executed_lines": [16, 17, 18, 19, 20, 21, 22, 23, 25, 27], "summary": {"covered_lines": 10, "num_statements": 12, "percent_covered": 83.33333333333333, "percent_covered_display": "83", "missing_lines": 2, "excluded_lines": 0, "percent_statements_covered": 83.33333333333333, "percent_statements_covered_display": "83"}, "missing_lines": [24, 26], "excluded_lines": [], "start_line": 15}, "resolve_route_type": {"executed_lines": [36, 37, 38, 39, 41, 42, 43, 45], "summary": {"covered_lines": 8, "num_statements": 8, "percent_covered": 100.0, "percent_covered_display": "100", "missing_lines": 0, "excluded_lines": 0, "percent_statements_covered": 100.0, "percent_statements_covered_display": "100"}, "missing_lines": [], "excluded_lines": [], "start_line": 30}, "lookup_pricing": {"executed_lines": [56, 68], "summary": {"covered_lines": 2, "num_statements": 2, "percent_covered": 100.0, "percent_covered_display": "100", "missing_lines": 0, "excluded_lines": 0, "percent_statements_covered": 100.0, "percent_statements_covered_display": "100"}, "missing_lines": [], "excluded_lines": [], "start_line": 48}, "estimate_cost_usd": {"executed_lines": [82, 83, 85, 92, 93, 95, 100], "summary": {"covered_lines": 7, "num_statements": 7, "percent_covered": 100.0, "percent_covered_display": "100", "missing_lines": 0, "excluded_lines": 0, "percent_statements_covered": 100.0, "percent_statements_covered_display": "100"}, "missing_lines": [], "excluded_lines": [], "start_line": 71}, "log_usage_event": {"executed_lines": [122, 123, 125, 126, 127, 138, 156, 157, 158], "summary": {"covered_lines": 9, "num_statements": 9, "percent_covered": 100.0, "percent_covered_display": "100", "missing_lines": 0, "excluded_lines": 0, "percent_statements_covered": 100.0, "percent_statements_covered_display": "100"}, "missing_lines": [], "excluded_lines": [], "start_line": 103}, "": {"executed_lines": [3, 5, 6, 7, 9, 10, 12, 15, 30, 48, 71, 103], "summary": {"covered_lines": 12, "num_statements": 12, "percent_covered": 100.0, "percent_covered_display": "100", "missing_lines": 0, "excluded_lines": 0, "percent_statements_covered": 100.0, "percent_statements_covered_display": "100"}, "missing_lines": [], "excluded_lines": [], "start_line": 1}}, "classes": {"": {"executed_lines": [3, 5, 6, 7, 9, 10, 12, 15, 16, 17, 18, 19, 20, 21, 22, 23, 25, 27, 30, 36, 37, 38, 39, 41, 42, 43, 45, 48, 56, 68, 71, 82, 83, 85, 92, 93, 95, 100, 103, 122, 123, 125, 126, 127, 138, 156, 157, 158], "summary": {"covered_lines": 48, "num_statements": 50, "percent_covered": 96.0, "percent_covered_display": "96", "missing_lines": 2, "excluded_lines": 0, "percent_statements_covered": 96.0, "percent_statements_covered_display": "96"}, "missing_lines": [24, 26], "excluded_lines": [], "start_line": 1}}}, "app/utils/__init__.py": {"executed_lines": [], "summary": {"covered_lines": 0, "num_statements": 0, "percent_covered": 100.0, "percent_covered_display": "100", "missing_lines": 0, "excluded_lines": 0, "percent_statements_covered": 100.0, "percent_statements_covered_display": "100"}, "missing_lines": [], "excluded_lines": [], "functions": {"": {"executed_lines": [], "summary": {"covered_lines": 0, "num_statements": 0, "percent_covered": 100.0, "percent_covered_display": "100", "missing_lines": 0, "excluded_lines": 0, "percent_statements_covered": 100.0, "percent_statements_covered_display": "100"}, "missing_lines": [], "excluded_lines": [], "start_line": 1}}, "classes": {"": {"executed_lines": [], "summary": {"covered_lines": 0, "num_statements": 0, "percent_covered": 100.0, "percent_covered_display": "100", "missing_lines": 0, "excluded_lines": 0, "percent_statements_covered": 100.0, "percent_statements_covered_display": "100"}, "missing_lines": [], "excluded_lines": [], "start_line": 1}}}, "app/utils/sanitize.py": {"executed_lines": [3, 4, 5, 6, 8, 11, 44, 71, 95, 126, 156, 159, 173, 174, 177, 179, 180, 181, 182, 183, 189], "summary": {"covered_lines": 21, "num_statements": 56, "percent_covered": 37.5, "percent_covered_display": "38", "missing_lines": 35, "excluded_lines": 0, "percent_statements_covered": 37.5, "percent_statements_covered_display": "38"}, "missing_lines": [27, 28, 30, 31, 35, 39, 41, 55, 57, 58, 59, 60, 62, 63, 68, 85, 92, 105, 106, 108, 111, 112, 113, 116, 117, 123, 140, 144, 146, 147, 150, 152, 184, 185, 186], "excluded_lines": [], "functions": {"sanitize_html": {"executed_lines": [], "summary": {"covered_lines": 0, "num_statements": 7, "percent_covered": 0.0, "percent_covered_display": "0", "missing_lines": 7, "excluded_lines": 0, "percent_statements_covered": 0.0, "percent_statements_covered_display": "0"}, "missing_lines": [27, 28, 30, 31, 35, 39, 41], "excluded_lines": [], "start_line": 11}, "sanitize_dict_values": {"executed_lines": [], "summary": {"covered_lines": 0, "num_statements": 8, "percent_covered": 0.0, "percent_covered_display": "0", "missing_lines": 8, "excluded_lines": 0, "percent_statements_covered": 0.0, "percent_statements_covered_display": "0"}, "missing_lines": [55, 57, 58, 59, 60, 62, 63, 68], "excluded_lines": [], "start_line": 44}, "sanitize_webhook_payload": {"executed_lines": [], "summary": {"covered_lines": 0, "num_statements": 2, "percent_covered": 0.0, "percent_covered_display": "0", "missing_lines": 2, "excluded_lines": 0, "percent_statements_covered": 0.0, "percent_statements_covered_display": "0"}, "missing_lines": [85, 92], "excluded_lines": [], "start_line": 71}, "sanitize_github_issue": {"executed_lines": [], "summary": {"covered_lines": 0, "num_statements": 9, "percent_covered": 0.0, "percent_covered_display": "0", "missing_lines": 9, "excluded_lines": 0, "percent_statements_covered": 0.0, "percent_statements_covered_display": "0"}, "missing_lines": [105, 106, 108, 111, 112, 113, 116, 117, 123], "excluded_lines": [], "start_line": 95}, "validate_payload_size": {"executed_lines": [], "summary": {"covered_lines": 0, "num_statements": 6, "percent_covered": 0.0, "percent_covered_display": "0", "missing_lines": 6, "excluded_lines": 0, "percent_statements_covered": 0.0, "percent_statements_covered_display": "0"}, "missing_lines": [140, 144, 146, 147, 150, 152], "excluded_lines": [], "start_line": 126}, "validate_json_depth": {"executed_lines": [173, 174, 177, 179, 180, 181, 182, 183, 189], "summary": {"covered_lines": 9, "num_statements": 12, "percent_covered": 75.0, "percent_covered_display": "75", "missing_lines": 3, "excluded_lines": 0, "percent_statements_covered": 75.0, "percent_statements_covered_display": "75"}, "missing_lines": [184, 185, 186], "excluded_lines": [], "start_line": 159}, "": {"executed_lines": [3, 4, 5, 6, 8, 11, 44, 71, 95, 126, 156, 159], "summary": {"covered_lines": 12, "num_statements": 12, "percent_covered": 100.0, "percent_covered_display": "100", "missing_lines": 0, "excluded_lines": 0, "percent_statements_covered": 100.0, "percent_statements_covered_display": "100"}, "missing_lines": [], "excluded_lines": [], "start_line": 1}}, "classes": {"": {"executed_lines": [3, 4, 5, 6, 8, 11, 44, 71, 95, 126, 156, 159, 173, 174, 177, 179, 180, 181, 182, 183, 189], "summary": {"covered_lines": 21, "num_statements": 56, "percent_covered": 37.5, "percent_covered_display": "38", "missing_lines": 35, "excluded_lines": 0, "percent_statements_covered": 37.5, "percent_statements_covered_display": "38"}, "missing_lines": [27, 28, 30, 31, 35, 39, 41, 55, 57, 58, 59, 60, 62, 63, 68, 85, 92, 105, 106, 108, 111, 112, 113, 116, 117, 123, 140, 144, 146, 147, 150, 152, 184, 185, 186], "excluded_lines": [], "start_line": 1}}}}, "totals": {"covered_lines": 6789, "num_statements": 10751, "percent_covered": 63.147614175425545, "percent_covered_display": "63", "missing_lines": 3962, "excluded_lines": 1, "percent_statements_covered": 63.147614175425545, "percent_statements_covered_display": "63"}}